#
# There is insufficient memory for the Java Runtime Environment to continue.
# Native memory allocation (malloc) failed to allocate 1473456 bytes. Error detail: Chunk::new
# Possible reasons:
#   The system is out of physical RAM or swap space
#   This process is running with CompressedOops enabled, and the Java Heap may be blocking the growth of the native heap
# Possible solutions:
#   Reduce memory load on the system
#   Increase physical memory or swap space
#   Check if swap backing store is full
#   Decrease Java heap size (-Xmx/-Xms)
#   Decrease number of Java threads
#   Decrease Java thread stack sizes (-Xss)
#   Set larger code cache with -XX:ReservedCodeCacheSize=
#   JVM is running with Unscaled Compressed Oops mode in which the Java heap is
#     placed in the first 4GB address space. The Java Heap base address is the
#     maximum limit for the native heap growth. Please use -XX:HeapBaseMinAddress
#     to set the Java Heap base and to place the Java Heap above 4GB virtual address.
# This output file may be truncated or incomplete.
#
#  Out of Memory Error (arena.cpp:168), pid=19752, tid=6624
#
# JRE version: OpenJDK Runtime Environment Temurin-21.0.8+9 (21.0.8+9) (build 21.0.8+9-LTS)
# Java VM: OpenJDK 64-Bit Server VM Temurin-21.0.8+9 (21.0.8+9-LTS, mixed mode, sharing, tiered, compressed oops, compressed class ptrs, parallel gc, windows-amd64)
# No core dump will be written. Minidumps are not enabled by default on client versions of Windows
#

---------------  S U M M A R Y ------------

Command Line: --add-modules=ALL-SYSTEM --add-opens=java.base/java.util=ALL-UNNAMED --add-opens=java.base/java.lang=ALL-UNNAMED --add-opens=java.base/sun.nio.fs=ALL-UNNAMED -Declipse.application=org.eclipse.jdt.ls.core.id1 -Dosgi.bundles.defaultStartLevel=4 -Declipse.product=org.eclipse.jdt.ls.core.product -Djava.import.generatesMetadataFilesAtProjectRoot=false -DDetectVMInstallationsJob.disabled=true -Dfile.encoding=utf8 -XX:+UseParallelGC -XX:GCTimeRatio=4 -XX:AdaptiveSizePolicyWeight=90 -Dsun.zip.disableMemoryMapping=true -Xmx2G -Xms100m -Xlog:disable -javaagent:c:\Users\priya\.vscode\extensions\redhat.java-1.45.0-win32-x64\lombok\lombok-1.18.39-4050.jar -XX:+HeapDumpOnOutOfMemoryError -XX:HeapDumpPath=c:\Users\priya\AppData\Roaming\Code\User\workspaceStorage\9a112c488d86bb125002ba79e044f347\redhat.java -Daether.dependencyCollector.impl=bf c:\Users\priya\.vscode\extensions\redhat.java-1.45.0-win32-x64\server\plugins\org.eclipse.equinox.launcher_1.7.0.v20250519-0528.jar -configuration c:\Users\priya\AppData\Roaming\Code\User\globalStorage\redhat.java\1.45.0\config_win -data c:\Users\priya\AppData\Roaming\Code\User\workspaceStorage\9a112c488d86bb125002ba79e044f347\redhat.java\jdt_ws --pipe=\\.\pipe\lsp-9a644b3070aeec7ded4bfc8cf5697bfc-sock

Host: Intel(R) Core(TM) i7-8650U CPU @ 1.90GHz, 8 cores, 15G,  Windows 11 , 64 bit Build 26100 (10.0.26100.5074)
Time: Sun Sep 28 15:16:00 2025 India Standard Time elapsed time: 14.562085 seconds (0d 0h 0m 14s)

---------------  T H R E A D  ---------------

Current thread (0x00000233f0ce2ec0):  JavaThread "C2 CompilerThread0" daemon [_thread_in_native, id=6624, stack(0x0000006597c00000,0x0000006597d00000) (1024K)]


Current CompileTask:
C2:14562 6187       4       org.eclipse.osgi.internal.loader.BundleLoader::addExportedProvidersFor (167 bytes)

Stack: [0x0000006597c00000,0x0000006597d00000]
Native frames: (J=compiled Java code, j=interpreted, Vv=VM code, C=native code)
V  [jvm.dll+0x6d2449]
V  [jvm.dll+0x8ae341]
V  [jvm.dll+0x8b08be]
V  [jvm.dll+0x8b0fa3]
V  [jvm.dll+0x280c96]
V  [jvm.dll+0xc581d]
V  [jvm.dll+0xc5d53]
V  [jvm.dll+0x3b9162]
V  [jvm.dll+0x385315]
V  [jvm.dll+0x38477a]
V  [jvm.dll+0x248ed0]
V  [jvm.dll+0x2484af]
V  [jvm.dll+0x1c89ee]
V  [jvm.dll+0x257d4d]
V  [jvm.dll+0x2562ea]
V  [jvm.dll+0x3f2d16]
V  [jvm.dll+0x857e6b]
V  [jvm.dll+0x6d0b0d]
C  [ucrtbase.dll+0x37b0]
C  [KERNEL32.DLL+0x2e8d7]
C  [ntdll.dll+0x8d9c]


---------------  P R O C E S S  ---------------

Threads class SMR info:
_java_thread_list=0x00000233f96bf7a0, length=42, elements={
0x00000233da25c990, 0x00000233da31ced0, 0x00000233f0cc52c0, 0x00000233f0cc7d10,
0x00000233f0cc8960, 0x00000233f0ccb050, 0x00000233f0cd7c40, 0x00000233f0ce2ec0,
0x00000233f0ced9d0, 0x00000233f2651cc0, 0x00000233f2651630, 0x00000233f26529e0,
0x00000233f2652350, 0x00000233f2653070, 0x00000233f264fbf0, 0x00000233f2650280,
0x00000233f2650fa0, 0x00000233f7ce72c0, 0x00000233f7ce51f0, 0x00000233f7ce5f10,
0x00000233f7ce65a0, 0x00000233f7ce3e40, 0x00000233f7ce7950, 0x00000233f7ce44d0,
0x00000233f7ceadd0, 0x00000233f7ce8670, 0x00000233f7cea740, 0x00000233f7cea0b0,
0x00000233f7ceb460, 0x00000233f7ce7fe0, 0x00000233f7ce8d00, 0x00000233f7ce9390,
0x00000233f7ce9a20, 0x00000233f8749440, 0x00000233f874ae80, 0x00000233f874a160,
0x00000233f8749ad0, 0x00000233f874c230, 0x00000233f874bba0, 0x00000233f874c8c0,
0x00000233fa0fe920, 0x00000233f0ceee40
}

Java Threads: ( => current thread )
  0x00000233da25c990 JavaThread "main"                              [_thread_blocked, id=7144, stack(0x0000006597200000,0x0000006597300000) (1024K)]
  0x00000233da31ced0 JavaThread "Reference Handler"          daemon [_thread_blocked, id=26116, stack(0x0000006597600000,0x0000006597700000) (1024K)]
  0x00000233f0cc52c0 JavaThread "Finalizer"                  daemon [_thread_blocked, id=32508, stack(0x0000006597700000,0x0000006597800000) (1024K)]
  0x00000233f0cc7d10 JavaThread "Signal Dispatcher"          daemon [_thread_blocked, id=35208, stack(0x0000006597800000,0x0000006597900000) (1024K)]
  0x00000233f0cc8960 JavaThread "Attach Listener"            daemon [_thread_blocked, id=24088, stack(0x0000006597900000,0x0000006597a00000) (1024K)]
  0x00000233f0ccb050 JavaThread "Service Thread"             daemon [_thread_blocked, id=4916, stack(0x0000006597a00000,0x0000006597b00000) (1024K)]
  0x00000233f0cd7c40 JavaThread "Monitor Deflation Thread"   daemon [_thread_blocked, id=2988, stack(0x0000006597b00000,0x0000006597c00000) (1024K)]
=>0x00000233f0ce2ec0 JavaThread "C2 CompilerThread0"         daemon [_thread_in_native, id=6624, stack(0x0000006597c00000,0x0000006597d00000) (1024K)]
  0x00000233f0ced9d0 JavaThread "C1 CompilerThread0"         daemon [_thread_blocked, id=1652, stack(0x0000006597d00000,0x0000006597e00000) (1024K)]
  0x00000233f2651cc0 JavaThread "Common-Cleaner"             daemon [_thread_blocked, id=23488, stack(0x0000006597e00000,0x0000006597f00000) (1024K)]
  0x00000233f2651630 JavaThread "Notification Thread"        daemon [_thread_blocked, id=18464, stack(0x0000006598000000,0x0000006598100000) (1024K)]
  0x00000233f26529e0 JavaThread "Active Thread: Equinox Container: d4757906-0af3-4ad1-82b3-061f7b824616"        [_thread_blocked, id=20924, stack(0x0000006598800000,0x0000006598900000) (1024K)]
  0x00000233f2652350 JavaThread "Refresh Thread: Equinox Container: d4757906-0af3-4ad1-82b3-061f7b824616" daemon [_thread_blocked, id=11404, stack(0x0000006598900000,0x0000006598a00000) (1024K)]
  0x00000233f2653070 JavaThread "Framework Event Dispatcher: Equinox Container: d4757906-0af3-4ad1-82b3-061f7b824616" daemon [_thread_blocked, id=16900, stack(0x0000006598b00000,0x0000006598c00000) (1024K)]
  0x00000233f264fbf0 JavaThread "Start Level: Equinox Container: d4757906-0af3-4ad1-82b3-061f7b824616" daemon [_thread_blocked, id=22512, stack(0x0000006598c00000,0x0000006598d00000) (1024K)]
  0x00000233f2650280 JavaThread "Bundle File Closer"         daemon [_thread_blocked, id=2604, stack(0x0000006598d00000,0x0000006598e00000) (1024K)]
  0x00000233f2650fa0 JavaThread "SCR Component Actor"        daemon [_thread_blocked, id=26532, stack(0x0000006598e00000,0x0000006598f00000) (1024K)]
  0x00000233f7ce72c0 JavaThread "Worker-JM"                         [_thread_blocked, id=30228, stack(0x0000006599000000,0x0000006599100000) (1024K)]
  0x00000233f7ce51f0 JavaThread "JNA Cleaner"                daemon [_thread_blocked, id=7248, stack(0x0000006597f00000,0x0000006598000000) (1024K)]
  0x00000233f7ce5f10 JavaThread "Worker-0"                          [_thread_blocked, id=12100, stack(0x0000006598100000,0x0000006598200000) (1024K)]
  0x00000233f7ce65a0 JavaThread "Worker-1"                          [_thread_blocked, id=22164, stack(0x0000006599100000,0x0000006599200000) (1024K)]
  0x00000233f7ce3e40 JavaThread "Java indexing"              daemon [_thread_blocked, id=10504, stack(0x0000006599300000,0x0000006599400000) (1024K)]
  0x00000233f7ce7950 JavaThread "Worker-2"                          [_thread_blocked, id=15068, stack(0x0000006599400000,0x0000006599500000) (1024K)]
  0x00000233f7ce44d0 JavaThread "Worker-3"                          [_thread_blocked, id=32012, stack(0x0000006599500000,0x0000006599600000) (1024K)]
  0x00000233f7ceadd0 JavaThread "Worker-4: Initialize workspace"        [_thread_in_Java, id=20012, stack(0x0000006599900000,0x0000006599a00000) (1024K)]
  0x00000233f7ce8670 JavaThread "Worker-5"                          [_thread_blocked, id=20160, stack(0x0000006599a00000,0x0000006599b00000) (1024K)]
  0x00000233f7cea740 JavaThread "Thread-2"                   daemon [_thread_in_native, id=26480, stack(0x0000006599b00000,0x0000006599c00000) (1024K)]
  0x00000233f7cea0b0 JavaThread "Thread-3"                   daemon [_thread_in_native, id=20400, stack(0x0000006599c00000,0x0000006599d00000) (1024K)]
  0x00000233f7ceb460 JavaThread "Thread-4"                   daemon [_thread_in_native, id=25196, stack(0x0000006599d00000,0x0000006599e00000) (1024K)]
  0x00000233f7ce7fe0 JavaThread "Thread-5"                   daemon [_thread_in_native, id=27056, stack(0x0000006599e00000,0x0000006599f00000) (1024K)]
  0x00000233f7ce8d00 JavaThread "Thread-6"                   daemon [_thread_in_native, id=26084, stack(0x0000006599f00000,0x000000659a000000) (1024K)]
  0x00000233f7ce9390 JavaThread "Thread-7"                   daemon [_thread_in_native, id=18944, stack(0x000000659a000000,0x000000659a100000) (1024K)]
  0x00000233f7ce9a20 JavaThread "Thread-8"                   daemon [_thread_in_native, id=11108, stack(0x000000659a100000,0x000000659a200000) (1024K)]
  0x00000233f8749440 JavaThread "Thread-9"                   daemon [_thread_in_native, id=30120, stack(0x000000659a200000,0x000000659a300000) (1024K)]
  0x00000233f874ae80 JavaThread "Thread-10"                  daemon [_thread_in_native, id=22820, stack(0x000000659a300000,0x000000659a400000) (1024K)]
  0x00000233f874a160 JavaThread "pool-2-thread-1"                   [_thread_blocked, id=19552, stack(0x000000659a400000,0x000000659a500000) (1024K)]
  0x00000233f8749ad0 JavaThread "WorkspaceEventsHandler"            [_thread_blocked, id=12388, stack(0x000000659a500000,0x000000659a600000) (1024K)]
  0x00000233f874c230 JavaThread "pool-1-thread-1"                   [_thread_blocked, id=24728, stack(0x000000659a600000,0x000000659a700000) (1024K)]
  0x00000233f874bba0 JavaThread "ForkJoinPool.commonPool-worker-1" daemon [_thread_blocked, id=33648, stack(0x000000659a800000,0x000000659a900000) (1024K)]
  0x00000233f874c8c0 JavaThread "ForkJoinPool.commonPool-worker-2" daemon [_thread_blocked, id=24680, stack(0x000000659a900000,0x000000659aa00000) (1024K)]
  0x00000233fa0fe920 JavaThread "ForkJoinPool.commonPool-worker-3" daemon [_thread_blocked, id=7752, stack(0x000000659aa00000,0x000000659ab00000) (1024K)]
  0x00000233f0ceee40 JavaThread "C2 CompilerThread1"         daemon [_thread_in_native, id=25924, stack(0x0000006598f00000,0x0000006599000000) (1024K)]
Total: 42

Other Threads:
  0x00000233f0cc36a0 VMThread "VM Thread"                           [id=17740, stack(0x0000006597500000,0x0000006597600000) (1024K)]
  0x00000233f0bdc8d0 WatcherThread "VM Periodic Task Thread"        [id=18668, stack(0x0000006597400000,0x0000006597500000) (1024K)]
  0x00000233da27a210 WorkerThread "GC Thread#0"                     [id=34812, stack(0x0000006597300000,0x0000006597400000) (1024K)]
  0x00000233f738b5e0 WorkerThread "GC Thread#1"                     [id=21956, stack(0x0000006598200000,0x0000006598300000) (1024K)]
  0x00000233f7800080 WorkerThread "GC Thread#2"                     [id=20792, stack(0x0000006598300000,0x0000006598400000) (1024K)]
  0x00000233f7800420 WorkerThread "GC Thread#3"                     [id=24124, stack(0x0000006598400000,0x0000006598500000) (1024K)]
  0x00000233f78007c0 WorkerThread "GC Thread#4"                     [id=24888, stack(0x0000006598500000,0x0000006598600000) (1024K)]
  0x00000233f7800b60 WorkerThread "GC Thread#5"                     [id=20460, stack(0x0000006598600000,0x0000006598700000) (1024K)]
  0x00000233f77dd920 WorkerThread "GC Thread#6"                     [id=26564, stack(0x0000006598700000,0x0000006598800000) (1024K)]
  0x00000233f77d9010 WorkerThread "GC Thread#7"                     [id=17032, stack(0x0000006598a00000,0x0000006598b00000) (1024K)]
Total: 10

Threads with active compile tasks:
C2 CompilerThread0  14629 6187       4       org.eclipse.osgi.internal.loader.BundleLoader::addExportedProvidersFor (167 bytes)
C2 CompilerThread1  14629 6521   !   4       java.nio.file.FileTreeWalker::visit (204 bytes)
Total: 2

VM state: not at safepoint (normal execution)

VM Mutex/Monitor currently owned by a thread: None

Heap address: 0x0000000080000000, size: 2048 MB, Compressed Oops mode: 32-bit

CDS archive(s) mapped at: [0x0000023380000000-0x0000023380ba0000-0x0000023380ba0000), size 12189696, SharedBaseAddress: 0x0000023380000000, ArchiveRelocationMode: 1.
Compressed class space mapped at: 0x0000023381000000-0x00000233c1000000, reserved size: 1073741824
Narrow klass base: 0x0000023380000000, Narrow klass shift: 0, Narrow klass range: 0x100000000

GC Precious Log:
 CardTable entry size: 512
 CPUs: 8 total, 8 available
 Memory: 16019M
 Large Page Support: Disabled
 NUMA Support: Disabled
 Compressed Oops: Enabled (32-bit)
 Alignments: Space 512K, Generation 512K, Heap 2M
 Heap Min Capacity: 100M
 Heap Initial Capacity: 100M
 Heap Max Capacity: 2G
 Pre-touch: Disabled
 Parallel Workers: 8

Heap:
 PSYoungGen      total 18944K, used 13064K [0x00000000d5580000, 0x00000000d6c80000, 0x0000000100000000)
  eden space 18432K, 68% used [0x00000000d5580000,0x00000000d61c4048,0x00000000d6780000)
  from space 512K, 98% used [0x00000000d6c00000,0x00000000d6c7e1a8,0x00000000d6c80000)
  to   space 1024K, 0% used [0x00000000d6a80000,0x00000000d6a80000,0x00000000d6b80000)
 ParOldGen       total 68608K, used 24601K [0x0000000080000000, 0x0000000084300000, 0x00000000d5580000)
  object space 68608K, 35% used [0x0000000080000000,0x00000000818065c8,0x0000000084300000)
 Metaspace       used 47731K, committed 48960K, reserved 1114112K
  class space    used 5190K, committed 5696K, reserved 1048576K

Card table byte_map: [0x00000233d9c00000,0x00000233da010000] _byte_map_base: 0x00000233d9800000

Marking Bits: (ParMarkBitMap*) 0x00007ffa372da340
 Begin Bits: [0x00000233ec700000, 0x00000233ee700000)
 End Bits:   [0x00000233ee700000, 0x00000233f0700000)

Polling page: 0x00000233d84b0000

Metaspace:

Usage:
  Non-class:     41.54 MB used.
      Class:      5.07 MB used.
       Both:     46.61 MB used.

Virtual space:
  Non-class space:       64.00 MB reserved,      42.25 MB ( 66%) committed,  1 nodes.
      Class space:        1.00 GB reserved,       5.56 MB ( <1%) committed,  1 nodes.
             Both:        1.06 GB reserved,      47.81 MB (  4%) committed. 

Chunk freelists:
   Non-Class:  5.27 MB
       Class:  10.40 MB
        Both:  15.67 MB

MaxMetaspaceSize: unlimited
CompressedClassSpaceSize: 1.00 GB
Initial GC threshold: 21.00 MB
Current GC threshold: 59.31 MB
CDS: on
 - commit_granule_bytes: 65536.
 - commit_granule_words: 8192.
 - virtual_space_node_default_size: 8388608.
 - enlarge_chunks_in_place: 1.
 - use_allocation_guard: 0.


Internal statistics:

num_allocs_failed_limit: 10.
num_arena_births: 844.
num_arena_deaths: 14.
num_vsnodes_births: 2.
num_vsnodes_deaths: 0.
num_space_committed: 765.
num_space_uncommitted: 0.
num_chunks_returned_to_freelist: 24.
num_chunks_taken_from_freelist: 2961.
num_chunk_merges: 14.
num_chunk_splits: 1861.
num_chunks_enlarged: 1105.
num_inconsistent_stats: 0.

CodeHeap 'non-profiled nmethods': size=120000Kb used=3065Kb max_used=3065Kb free=116934Kb
 bounds [0x00000233e4f20000, 0x00000233e5220000, 0x00000233ec450000]
CodeHeap 'profiled nmethods': size=120000Kb used=12154Kb max_used=12154Kb free=107845Kb
 bounds [0x00000233dd450000, 0x00000233de030000, 0x00000233e4980000]
CodeHeap 'non-nmethods': size=5760Kb used=1373Kb max_used=1478Kb free=4386Kb
 bounds [0x00000233e4980000, 0x00000233e4bf0000, 0x00000233e4f20000]
CodeCache: size=245760Kb, used=16592Kb, max_used=16697Kb, free=229165Kb
 total_blobs=6630, nmethods=5954, adapters=582, full_count=0
Compilation: enabled, stopped_count=0, restarted_count=0

Compilation events (20 events):
Event: 14.516 Thread 0x00000233f0ceee40 nmethod 6388 0x00000233e521ab10 code [0x00000233e521aca0, 0x00000233e521ad58]
Event: 14.516 Thread 0x00000233f0ceee40 6448       4       java.util.stream.Sink::end (1 bytes)
Event: 14.516 Thread 0x00000233f0ced9d0 nmethod 6463 0x00000233de014610 code [0x00000233de0147e0, 0x00000233de014a88]
Event: 14.517 Thread 0x00000233f0ced9d0 6491       3       java.lang.invoke.MethodType::isAllObject (25 bytes)
Event: 14.517 Thread 0x00000233f0ced9d0 nmethod 6491 0x00000233de014c10 code [0x00000233de014dc0, 0x00000233de014fe8]
Event: 14.518 Thread 0x00000233f0ced9d0 6458       3       java.util.stream.StreamSpliterators$WrappingSpliterator::initPartialTraversalState (46 bytes)
Event: 14.518 Thread 0x00000233f0ceee40 nmethod 6448 0x00000233e521ae10 code [0x00000233e521afa0, 0x00000233e521b028]
Event: 14.519 Thread 0x00000233f0ceee40 6461       4       java.util.Spliterators$1Adapter::accept (11 bytes)
Event: 14.520 Thread 0x00000233f0ceee40 nmethod 6461 0x00000233e521b110 code [0x00000233e521b2a0, 0x00000233e521b348]
Event: 14.521 Thread 0x00000233f0ced9d0 nmethod 6458 0x00000233de015110 code [0x00000233de0153a0, 0x00000233de016090]
Event: 14.521 Thread 0x00000233f0ceee40 6426       4       java.util.stream.Sink::begin (1 bytes)
Event: 14.522 Thread 0x00000233f0ced9d0 6459       3       java.util.stream.StreamSpliterators$WrappingSpliterator$$Lambda/0x0000023381026390::<init> (10 bytes)
Event: 14.523 Thread 0x00000233f0ced9d0 nmethod 6459 0x00000233de016510 code [0x00000233de0166c0, 0x00000233de016848]
Event: 14.523 Thread 0x00000233f0ced9d0 6460       3       java.util.stream.StreamSpliterators$WrappingSpliterator$$Lambda/0x0000023381027370::<init> (10 bytes)
Event: 14.524 Thread 0x00000233f0ceee40 nmethod 6426 0x00000233e521b410 code [0x00000233e521b5a0, 0x00000233e521b628]
Event: 14.524 Thread 0x00000233f0ced9d0 nmethod 6460 0x00000233de016910 code [0x00000233de016ac0, 0x00000233de016c48]
Event: 14.524 Thread 0x00000233f0ced9d0 6492       1       java.lang.invoke.LambdaForm::arity (5 bytes)
Event: 14.524 Thread 0x00000233f0ceee40 6480       4       jdk.internal.jimage.ImageReader$Node::resolveLink (2 bytes)
Event: 14.526 Thread 0x00000233f0ced9d0 nmethod 6492 0x00000233e521b710 code [0x00000233e521b8a0, 0x00000233e521b968]
Event: 14.528 Thread 0x00000233f0ceee40 nmethod 6480 0x00000233e521ba10 code [0x00000233e521bba0, 0x00000233e521bc28]

GC Heap History (20 events):
Event: 7.744 GC heap before
{Heap before GC invocations=15 (full 1):
 PSYoungGen      total 23552K, used 14040K [0x00000000d5580000, 0x00000000d7000000, 0x0000000100000000)
  eden space 22016K, 56% used [0x00000000d5580000,0x00000000d61bb190,0x00000000d6b00000)
  from space 1536K, 98% used [0x00000000d6d80000,0x00000000d6efb240,0x00000000d6f00000)
  to   space 1024K, 0% used [0x00000000d6f00000,0x00000000d6f00000,0x00000000d7000000)
 ParOldGen       total 68608K, used 17015K [0x0000000080000000, 0x0000000084300000, 0x00000000d5580000)
  object space 68608K, 24% used [0x0000000080000000,0x000000008109dec8,0x0000000084300000)
 Metaspace       used 35382K, committed 36416K, reserved 1114112K
  class space    used 3699K, committed 4160K, reserved 1048576K
}
Event: 7.748 GC heap after
{Heap after GC invocations=15 (full 1):
 PSYoungGen      total 23040K, used 1024K [0x00000000d5580000, 0x00000000d7000000, 0x0000000100000000)
  eden space 22016K, 0% used [0x00000000d5580000,0x00000000d5580000,0x00000000d6b00000)
  from space 1024K, 100% used [0x00000000d6f00000,0x00000000d7000000,0x00000000d7000000)
  to   space 2560K, 0% used [0x00000000d6b00000,0x00000000d6b00000,0x00000000d6d80000)
 ParOldGen       total 68608K, used 18430K [0x0000000080000000, 0x0000000084300000, 0x00000000d5580000)
  object space 68608K, 26% used [0x0000000080000000,0x00000000811ff848,0x0000000084300000)
 Metaspace       used 35382K, committed 36416K, reserved 1114112K
  class space    used 3699K, committed 4160K, reserved 1048576K
}
Event: 7.748 GC heap before
{Heap before GC invocations=16 (full 2):
 PSYoungGen      total 23040K, used 1024K [0x00000000d5580000, 0x00000000d7000000, 0x0000000100000000)
  eden space 22016K, 0% used [0x00000000d5580000,0x00000000d5580000,0x00000000d6b00000)
  from space 1024K, 100% used [0x00000000d6f00000,0x00000000d7000000,0x00000000d7000000)
  to   space 2560K, 0% used [0x00000000d6b00000,0x00000000d6b00000,0x00000000d6d80000)
 ParOldGen       total 68608K, used 18430K [0x0000000080000000, 0x0000000084300000, 0x00000000d5580000)
  object space 68608K, 26% used [0x0000000080000000,0x00000000811ff848,0x0000000084300000)
 Metaspace       used 35382K, committed 36416K, reserved 1114112K
  class space    used 3699K, committed 4160K, reserved 1048576K
}
Event: 7.796 GC heap after
{Heap after GC invocations=16 (full 2):
 PSYoungGen      total 23040K, used 0K [0x00000000d5580000, 0x00000000d7000000, 0x0000000100000000)
  eden space 22016K, 0% used [0x00000000d5580000,0x00000000d5580000,0x00000000d6b00000)
  from space 1024K, 0% used [0x00000000d6f00000,0x00000000d6f00000,0x00000000d7000000)
  to   space 2560K, 0% used [0x00000000d6b00000,0x00000000d6b00000,0x00000000d6d80000)
 ParOldGen       total 68608K, used 18652K [0x0000000080000000, 0x0000000084300000, 0x00000000d5580000)
  object space 68608K, 27% used [0x0000000080000000,0x0000000081237380,0x0000000084300000)
 Metaspace       used 35382K, committed 36416K, reserved 1114112K
  class space    used 3699K, committed 4160K, reserved 1048576K
}
Event: 8.173 GC heap before
{Heap before GC invocations=17 (full 2):
 PSYoungGen      total 23040K, used 22016K [0x00000000d5580000, 0x00000000d7000000, 0x0000000100000000)
  eden space 22016K, 100% used [0x00000000d5580000,0x00000000d6b00000,0x00000000d6b00000)
  from space 1024K, 0% used [0x00000000d6f00000,0x00000000d6f00000,0x00000000d7000000)
  to   space 2560K, 0% used [0x00000000d6b00000,0x00000000d6b00000,0x00000000d6d80000)
 ParOldGen       total 68608K, used 18652K [0x0000000080000000, 0x0000000084300000, 0x00000000d5580000)
  object space 68608K, 27% used [0x0000000080000000,0x0000000081237380,0x0000000084300000)
 Metaspace       used 37372K, committed 38400K, reserved 1114112K
  class space    used 3964K, committed 4416K, reserved 1048576K
}
Event: 8.177 GC heap after
{Heap after GC invocations=17 (full 2):
 PSYoungGen      total 24576K, used 1056K [0x00000000d5580000, 0x00000000d6f80000, 0x0000000100000000)
  eden space 22016K, 0% used [0x00000000d5580000,0x00000000d5580000,0x00000000d6b00000)
  from space 2560K, 41% used [0x00000000d6b00000,0x00000000d6c08000,0x00000000d6d80000)
  to   space 2048K, 0% used [0x00000000d6d80000,0x00000000d6d80000,0x00000000d6f80000)
 ParOldGen       total 68608K, used 18660K [0x0000000080000000, 0x0000000084300000, 0x00000000d5580000)
  object space 68608K, 27% used [0x0000000080000000,0x0000000081239380,0x0000000084300000)
 Metaspace       used 37372K, committed 38400K, reserved 1114112K
  class space    used 3964K, committed 4416K, reserved 1048576K
}
Event: 8.882 GC heap before
{Heap before GC invocations=18 (full 2):
 PSYoungGen      total 24576K, used 23072K [0x00000000d5580000, 0x00000000d6f80000, 0x0000000100000000)
  eden space 22016K, 100% used [0x00000000d5580000,0x00000000d6b00000,0x00000000d6b00000)
  from space 2560K, 41% used [0x00000000d6b00000,0x00000000d6c08000,0x00000000d6d80000)
  to   space 2048K, 0% used [0x00000000d6d80000,0x00000000d6d80000,0x00000000d6f80000)
 ParOldGen       total 68608K, used 18660K [0x0000000080000000, 0x0000000084300000, 0x00000000d5580000)
  object space 68608K, 27% used [0x0000000080000000,0x0000000081239380,0x0000000084300000)
 Metaspace       used 39769K, committed 40896K, reserved 1114112K
  class space    used 4262K, committed 4736K, reserved 1048576K
}
Event: 8.886 GC heap after
{Heap after GC invocations=18 (full 2):
 PSYoungGen      total 23552K, used 1152K [0x00000000d5580000, 0x00000000d6f00000, 0x0000000100000000)
  eden space 22016K, 0% used [0x00000000d5580000,0x00000000d5580000,0x00000000d6b00000)
  from space 1536K, 75% used [0x00000000d6d80000,0x00000000d6ea0000,0x00000000d6f00000)
  to   space 1536K, 0% used [0x00000000d6c00000,0x00000000d6c00000,0x00000000d6d80000)
 ParOldGen       total 68608K, used 19420K [0x0000000080000000, 0x0000000084300000, 0x00000000d5580000)
  object space 68608K, 28% used [0x0000000080000000,0x00000000812f7390,0x0000000084300000)
 Metaspace       used 39769K, committed 40896K, reserved 1114112K
  class space    used 4262K, committed 4736K, reserved 1048576K
}
Event: 9.896 GC heap before
{Heap before GC invocations=19 (full 2):
 PSYoungGen      total 23552K, used 23168K [0x00000000d5580000, 0x00000000d6f00000, 0x0000000100000000)
  eden space 22016K, 100% used [0x00000000d5580000,0x00000000d6b00000,0x00000000d6b00000)
  from space 1536K, 75% used [0x00000000d6d80000,0x00000000d6ea0000,0x00000000d6f00000)
  to   space 1536K, 0% used [0x00000000d6c00000,0x00000000d6c00000,0x00000000d6d80000)
 ParOldGen       total 68608K, used 19420K [0x0000000080000000, 0x0000000084300000, 0x00000000d5580000)
  object space 68608K, 28% used [0x0000000080000000,0x00000000812f7390,0x0000000084300000)
 Metaspace       used 42380K, committed 43456K, reserved 1114112K
  class space    used 4610K, committed 5056K, reserved 1048576K
}
Event: 9.901 GC heap after
{Heap after GC invocations=19 (full 2):
 PSYoungGen      total 23552K, used 1536K [0x00000000d5580000, 0x00000000d7100000, 0x0000000100000000)
  eden space 22016K, 0% used [0x00000000d5580000,0x00000000d5580000,0x00000000d6b00000)
  from space 1536K, 100% used [0x00000000d6c00000,0x00000000d6d80000,0x00000000d6d80000)
  to   space 3072K, 0% used [0x00000000d6e00000,0x00000000d6e00000,0x00000000d7100000)
 ParOldGen       total 68608K, used 20388K [0x0000000080000000, 0x0000000084300000, 0x00000000d5580000)
  object space 68608K, 29% used [0x0000000080000000,0x00000000813e9390,0x0000000084300000)
 Metaspace       used 42380K, committed 43456K, reserved 1114112K
  class space    used 4610K, committed 5056K, reserved 1048576K
}
Event: 10.862 GC heap before
{Heap before GC invocations=20 (full 2):
 PSYoungGen      total 23552K, used 23552K [0x00000000d5580000, 0x00000000d7100000, 0x0000000100000000)
  eden space 22016K, 100% used [0x00000000d5580000,0x00000000d6b00000,0x00000000d6b00000)
  from space 1536K, 100% used [0x00000000d6c00000,0x00000000d6d80000,0x00000000d6d80000)
  to   space 3072K, 0% used [0x00000000d6e00000,0x00000000d6e00000,0x00000000d7100000)
 ParOldGen       total 68608K, used 20388K [0x0000000080000000, 0x0000000084300000, 0x00000000d5580000)
  object space 68608K, 29% used [0x0000000080000000,0x00000000813e9390,0x0000000084300000)
 Metaspace       used 44710K, committed 45824K, reserved 1114112K
  class space    used 4883K, committed 5376K, reserved 1048576K
}
Event: 10.870 GC heap after
{Heap after GC invocations=20 (full 2):
 PSYoungGen      total 21504K, used 3066K [0x00000000d5580000, 0x00000000d7800000, 0x0000000100000000)
  eden space 18432K, 0% used [0x00000000d5580000,0x00000000d5580000,0x00000000d6780000)
  from space 3072K, 99% used [0x00000000d6e00000,0x00000000d70fe8e0,0x00000000d7100000)
  to   space 6656K, 0% used [0x00000000d6780000,0x00000000d6780000,0x00000000d6e00000)
 ParOldGen       total 68608K, used 23092K [0x0000000080000000, 0x0000000084300000, 0x00000000d5580000)
  object space 68608K, 33% used [0x0000000080000000,0x000000008168d3b0,0x0000000084300000)
 Metaspace       used 44710K, committed 45824K, reserved 1114112K
  class space    used 4883K, committed 5376K, reserved 1048576K
}
Event: 11.981 GC heap before
{Heap before GC invocations=21 (full 2):
 PSYoungGen      total 21504K, used 21498K [0x00000000d5580000, 0x00000000d7800000, 0x0000000100000000)
  eden space 18432K, 100% used [0x00000000d5580000,0x00000000d6780000,0x00000000d6780000)
  from space 3072K, 99% used [0x00000000d6e00000,0x00000000d70fe8e0,0x00000000d7100000)
  to   space 6656K, 0% used [0x00000000d6780000,0x00000000d6780000,0x00000000d6e00000)
 ParOldGen       total 68608K, used 23092K [0x0000000080000000, 0x0000000084300000, 0x00000000d5580000)
  object space 68608K, 33% used [0x0000000080000000,0x000000008168d3b0,0x0000000084300000)
 Metaspace       used 45943K, committed 47104K, reserved 1114112K
  class space    used 5022K, committed 5504K, reserved 1048576K
}
Event: 11.985 GC heap after
{Heap after GC invocations=21 (full 2):
 PSYoungGen      total 19456K, used 592K [0x00000000d5580000, 0x00000000d6e80000, 0x0000000100000000)
  eden space 18432K, 0% used [0x00000000d5580000,0x00000000d5580000,0x00000000d6780000)
  from space 1024K, 57% used [0x00000000d6780000,0x00000000d6814010,0x00000000d6880000)
  to   space 2560K, 0% used [0x00000000d6c00000,0x00000000d6c00000,0x00000000d6e80000)
 ParOldGen       total 68608K, used 23982K [0x0000000080000000, 0x0000000084300000, 0x00000000d5580000)
  object space 68608K, 34% used [0x0000000080000000,0x000000008176bbd0,0x0000000084300000)
 Metaspace       used 45943K, committed 47104K, reserved 1114112K
  class space    used 5022K, committed 5504K, reserved 1048576K
}
Event: 12.666 GC heap before
{Heap before GC invocations=22 (full 2):
 PSYoungGen      total 19456K, used 19024K [0x00000000d5580000, 0x00000000d6e80000, 0x0000000100000000)
  eden space 18432K, 100% used [0x00000000d5580000,0x00000000d6780000,0x00000000d6780000)
  from space 1024K, 57% used [0x00000000d6780000,0x00000000d6814010,0x00000000d6880000)
  to   space 2560K, 0% used [0x00000000d6c00000,0x00000000d6c00000,0x00000000d6e80000)
 ParOldGen       total 68608K, used 23982K [0x0000000080000000, 0x0000000084300000, 0x00000000d5580000)
  object space 68608K, 34% used [0x0000000080000000,0x000000008176bbd0,0x0000000084300000)
 Metaspace       used 45958K, committed 47104K, reserved 1114112K
  class space    used 5022K, committed 5504K, reserved 1048576K
}
Event: 12.669 GC heap after
{Heap after GC invocations=22 (full 2):
 PSYoungGen      total 18944K, used 160K [0x00000000d5580000, 0x00000000d6c80000, 0x0000000100000000)
  eden space 18432K, 0% used [0x00000000d5580000,0x00000000d5580000,0x00000000d6780000)
  from space 512K, 31% used [0x00000000d6c00000,0x00000000d6c28000,0x00000000d6c80000)
  to   space 1024K, 0% used [0x00000000d6a80000,0x00000000d6a80000,0x00000000d6b80000)
 ParOldGen       total 68608K, used 24497K [0x0000000080000000, 0x0000000084300000, 0x00000000d5580000)
  object space 68608K, 35% used [0x0000000080000000,0x00000000817ec5b8,0x0000000084300000)
 Metaspace       used 45958K, committed 47104K, reserved 1114112K
  class space    used 5022K, committed 5504K, reserved 1048576K
}
Event: 13.311 GC heap before
{Heap before GC invocations=23 (full 2):
 PSYoungGen      total 18944K, used 18592K [0x00000000d5580000, 0x00000000d6c80000, 0x0000000100000000)
  eden space 18432K, 100% used [0x00000000d5580000,0x00000000d6780000,0x00000000d6780000)
  from space 512K, 31% used [0x00000000d6c00000,0x00000000d6c28000,0x00000000d6c80000)
  to   space 1024K, 0% used [0x00000000d6a80000,0x00000000d6a80000,0x00000000d6b80000)
 ParOldGen       total 68608K, used 24497K [0x0000000080000000, 0x0000000084300000, 0x00000000d5580000)
  object space 68608K, 35% used [0x0000000080000000,0x00000000817ec5b8,0x0000000084300000)
 Metaspace       used 45958K, committed 47104K, reserved 1114112K
  class space    used 5022K, committed 5504K, reserved 1048576K
}
Event: 13.312 GC heap after
{Heap after GC invocations=23 (full 2):
 PSYoungGen      total 19456K, used 192K [0x00000000d5580000, 0x00000000d6c80000, 0x0000000100000000)
  eden space 18432K, 0% used [0x00000000d5580000,0x00000000d5580000,0x00000000d6780000)
  from space 1024K, 18% used [0x00000000d6a80000,0x00000000d6ab0000,0x00000000d6b80000)
  to   space 512K, 0% used [0x00000000d6c00000,0x00000000d6c00000,0x00000000d6c80000)
 ParOldGen       total 68608K, used 24513K [0x0000000080000000, 0x0000000084300000, 0x00000000d5580000)
  object space 68608K, 35% used [0x0000000080000000,0x00000000817f05b8,0x0000000084300000)
 Metaspace       used 45958K, committed 47104K, reserved 1114112K
  class space    used 5022K, committed 5504K, reserved 1048576K
}
Event: 14.182 GC heap before
{Heap before GC invocations=24 (full 2):
 PSYoungGen      total 19456K, used 18624K [0x00000000d5580000, 0x00000000d6c80000, 0x0000000100000000)
  eden space 18432K, 100% used [0x00000000d5580000,0x00000000d6780000,0x00000000d6780000)
  from space 1024K, 18% used [0x00000000d6a80000,0x00000000d6ab0000,0x00000000d6b80000)
  to   space 512K, 0% used [0x00000000d6c00000,0x00000000d6c00000,0x00000000d6c80000)
 ParOldGen       total 68608K, used 24513K [0x0000000080000000, 0x0000000084300000, 0x00000000d5580000)
  object space 68608K, 35% used [0x0000000080000000,0x00000000817f05b8,0x0000000084300000)
 Metaspace       used 46932K, committed 48128K, reserved 1114112K
  class space    used 5128K, committed 5632K, reserved 1048576K
}
Event: 14.185 GC heap after
{Heap after GC invocations=24 (full 2):
 PSYoungGen      total 18944K, used 504K [0x00000000d5580000, 0x00000000d6c80000, 0x0000000100000000)
  eden space 18432K, 0% used [0x00000000d5580000,0x00000000d5580000,0x00000000d6780000)
  from space 512K, 98% used [0x00000000d6c00000,0x00000000d6c7e1a8,0x00000000d6c80000)
  to   space 1024K, 0% used [0x00000000d6a80000,0x00000000d6a80000,0x00000000d6b80000)
 ParOldGen       total 68608K, used 24601K [0x0000000080000000, 0x0000000084300000, 0x00000000d5580000)
  object space 68608K, 35% used [0x0000000080000000,0x00000000818065c8,0x0000000084300000)
 Metaspace       used 46932K, committed 48128K, reserved 1114112K
  class space    used 5128K, committed 5632K, reserved 1048576K
}

Dll operation events (10 events):
Event: 0.037 Loaded shared library c:\Users\priya\.vscode\extensions\redhat.java-1.45.0-win32-x64\jre\21.0.8-win32-x86_64\bin\java.dll
Event: 0.244 Loaded shared library c:\Users\priya\.vscode\extensions\redhat.java-1.45.0-win32-x64\jre\21.0.8-win32-x86_64\bin\zip.dll
Event: 0.313 Loaded shared library C:\Users\priya\.vscode\extensions\redhat.java-1.45.0-win32-x64\jre\21.0.8-win32-x86_64\bin\instrument.dll
Event: 0.329 Loaded shared library C:\Users\priya\.vscode\extensions\redhat.java-1.45.0-win32-x64\jre\21.0.8-win32-x86_64\bin\net.dll
Event: 0.338 Loaded shared library C:\Users\priya\.vscode\extensions\redhat.java-1.45.0-win32-x64\jre\21.0.8-win32-x86_64\bin\nio.dll
Event: 0.348 Loaded shared library C:\Users\priya\.vscode\extensions\redhat.java-1.45.0-win32-x64\jre\21.0.8-win32-x86_64\bin\zip.dll
Event: 0.413 Loaded shared library C:\Users\priya\.vscode\extensions\redhat.java-1.45.0-win32-x64\jre\21.0.8-win32-x86_64\bin\jimage.dll
Event: 0.646 Loaded shared library c:\Users\priya\.vscode\extensions\redhat.java-1.45.0-win32-x64\jre\21.0.8-win32-x86_64\bin\verify.dll
Event: 2.555 Loaded shared library C:\Users\priya\AppData\Roaming\Code\User\globalStorage\redhat.java\1.45.0\config_win\org.eclipse.equinox.launcher\org.eclipse.equinox.launcher.win32.win32.x86_64_1.2.1400.v20250801-0854\eclipse_11916.dll
Event: 4.988 Loaded shared library C:\Users\priya\AppData\Local\Temp\jna-106935279\jna9302752770043533263.dll

Deoptimization events (20 events):
Event: 14.253 Thread 0x00000233f7ceadd0 Uncommon trap: trap_request=0xffffff45 fr.pc=0x00000233e518f614 relative=0x0000000000005994
Event: 14.253 Thread 0x00000233f7ceadd0 Uncommon trap: reason=unstable_if action=reinterpret pc=0x00000233e518f614 method=java.lang.invoke.MethodType.genericMethodType(IZ)Ljava/lang/invoke/MethodType; @ 27 c2
Event: 14.253 Thread 0x00000233f7ceadd0 DEOPT PACKING pc=0x00000233e518f614 sp=0x00000065999fc080
Event: 14.253 Thread 0x00000233f7ceadd0 DEOPT UNPACKING pc=0x00000233e49d3aa2 sp=0x00000065999fbea0 mode 2
Event: 14.254 Thread 0x00000233f7ceadd0 Uncommon trap: trap_request=0xffffff45 fr.pc=0x00000233e51672b0 relative=0x0000000000000330
Event: 14.254 Thread 0x00000233f7ceadd0 Uncommon trap: reason=unstable_if action=reinterpret pc=0x00000233e51672b0 method=java.lang.invoke.MethodType.genericMethodType(IZ)Ljava/lang/invoke/MethodType; @ 27 c2
Event: 14.254 Thread 0x00000233f7ceadd0 DEOPT PACKING pc=0x00000233e51672b0 sp=0x00000065999fbfb0
Event: 14.254 Thread 0x00000233f7ceadd0 DEOPT UNPACKING pc=0x00000233e49d3aa2 sp=0x00000065999fbea8 mode 2
Event: 14.532 Thread 0x00000233f7ceadd0 Uncommon trap: trap_request=0xffffff45 fr.pc=0x00000233e5218f80 relative=0x00000000000001c0
Event: 14.532 Thread 0x00000233f7ceadd0 Uncommon trap: reason=unstable_if action=reinterpret pc=0x00000233e5218f80 method=jdk.internal.jrtfs.JrtPath.normalize(Ljava/lang/String;)Ljava/lang/String; @ 78 c2
Event: 14.532 Thread 0x00000233f7ceadd0 DEOPT PACKING pc=0x00000233e5218f80 sp=0x00000065999fd490
Event: 14.532 Thread 0x00000233f7ceadd0 DEOPT UNPACKING pc=0x00000233e49d3aa2 sp=0x00000065999fd410 mode 2
Event: 14.538 Thread 0x00000233f7ceadd0 Uncommon trap: trap_request=0xffffff45 fr.pc=0x00000233e51bb344 relative=0x0000000000000324
Event: 14.538 Thread 0x00000233f7ceadd0 Uncommon trap: reason=unstable_if action=reinterpret pc=0x00000233e51bb344 method=java.util.regex.Pattern.escape(ZZZ)I @ 8 c2
Event: 14.538 Thread 0x00000233f7ceadd0 DEOPT PACKING pc=0x00000233e51bb344 sp=0x00000065999fc3c0
Event: 14.538 Thread 0x00000233f7ceadd0 DEOPT UNPACKING pc=0x00000233e49d3aa2 sp=0x00000065999fc358 mode 2
Event: 14.539 Thread 0x00000233f7ceadd0 Uncommon trap: trap_request=0xffffff45 fr.pc=0x00000233e51af608 relative=0x0000000000000f68
Event: 14.539 Thread 0x00000233f7ceadd0 Uncommon trap: reason=unstable_if action=reinterpret pc=0x00000233e51af608 method=java.util.regex.Pattern.compile()V @ 443 c2
Event: 14.539 Thread 0x00000233f7ceadd0 DEOPT PACKING pc=0x00000233e51af608 sp=0x00000065999fc730
Event: 14.539 Thread 0x00000233f7ceadd0 DEOPT UNPACKING pc=0x00000233e49d3aa2 sp=0x00000065999fc6f8 mode 2

Classes loaded (20 events):
Event: 14.244 Loading class sun/nio/ch/FileChannelImpl$DefaultUnmapper
Event: 14.244 Loading class sun/nio/ch/FileChannelImpl$Unmapper
Event: 14.244 Loading class jdk/internal/access/foreign/UnmapperProxy
Event: 14.244 Loading class jdk/internal/access/foreign/UnmapperProxy done
Event: 14.245 Loading class sun/nio/ch/FileChannelImpl$Unmapper done
Event: 14.245 Loading class sun/nio/ch/FileChannelImpl$DefaultUnmapper done
Event: 14.245 Loading class sun/nio/ch/Util$4
Event: 14.245 Loading class sun/nio/ch/Util$4 done
Event: 14.264 Loading class java/nio/file/ClosedDirectoryStreamException
Event: 14.264 Loading class java/nio/file/ClosedDirectoryStreamException done
Event: 14.264 Loading class jdk/internal/jrtfs/JrtFileSystem
Event: 14.265 Loading class jdk/internal/jrtfs/JrtFileSystem done
Event: 14.265 Loading class jdk/internal/jrtfs/JrtPath
Event: 14.266 Loading class jdk/internal/jrtfs/JrtPath done
Event: 14.267 Loading class jdk/internal/jimage/ImageReader$Node
Event: 14.267 Loading class jdk/internal/jimage/ImageReader$Node done
Event: 14.282 Loading class java/nio/ByteBufferAsIntBufferL
Event: 14.283 Loading class java/nio/ByteBufferAsIntBufferL done
Event: 14.287 Loading class jdk/internal/jimage/ImageReader$Directory
Event: 14.287 Loading class jdk/internal/jimage/ImageReader$Directory done

Classes unloaded (7 events):
Event: 5.968 Thread 0x00000233f0cc36a0 Unloading class 0x00000233811aa800 'java/lang/invoke/LambdaForm$MH+0x00000233811aa800'
Event: 5.968 Thread 0x00000233f0cc36a0 Unloading class 0x00000233811aa400 'java/lang/invoke/LambdaForm$MH+0x00000233811aa400'
Event: 5.968 Thread 0x00000233f0cc36a0 Unloading class 0x00000233811aa000 'java/lang/invoke/LambdaForm$MH+0x00000233811aa000'
Event: 5.968 Thread 0x00000233f0cc36a0 Unloading class 0x00000233811a9c00 'java/lang/invoke/LambdaForm$MH+0x00000233811a9c00'
Event: 5.968 Thread 0x00000233f0cc36a0 Unloading class 0x00000233811a9800 'java/lang/invoke/LambdaForm$BMH+0x00000233811a9800'
Event: 5.968 Thread 0x00000233f0cc36a0 Unloading class 0x00000233811a9400 'java/lang/invoke/LambdaForm$DMH+0x00000233811a9400'
Event: 5.968 Thread 0x00000233f0cc36a0 Unloading class 0x00000233811a8000 'java/lang/invoke/LambdaForm$DMH+0x00000233811a8000'

Classes redefined (0 events):
No events

Internal exceptions (20 events):
Event: 13.359 Thread 0x00000233f7ce44d0 Exception <a 'sun/nio/fs/WindowsException'{0x00000000d56cf758}> (0x00000000d56cf758) 
thrown [s\src\hotspot\share\prims\jni.cpp, line 520]
Event: 13.922 Thread 0x00000233f7ce44d0 Exception <a 'sun/nio/fs/WindowsException'{0x00000000d5fab488}> (0x00000000d5fab488) 
thrown [s\src\hotspot\share\prims\jni.cpp, line 520]
Event: 13.923 Thread 0x00000233f7ce44d0 Exception <a 'sun/nio/fs/WindowsException'{0x00000000d5faf3b0}> (0x00000000d5faf3b0) 
thrown [s\src\hotspot\share\prims\jni.cpp, line 520]
Event: 13.979 Thread 0x00000233f874c230 Exception <a 'sun/nio/fs/WindowsException'{0x00000000d60aca80}> (0x00000000d60aca80) 
thrown [s\src\hotspot\share\prims\jni.cpp, line 520]
Event: 13.979 Thread 0x00000233f874c230 Exception <a 'sun/nio/fs/WindowsException'{0x00000000d60ad0b0}> (0x00000000d60ad0b0) 
thrown [s\src\hotspot\share\prims\jni.cpp, line 520]
Event: 13.981 Thread 0x00000233f874c230 Exception <a 'sun/nio/fs/WindowsException'{0x00000000d60b0448}> (0x00000000d60b0448) 
thrown [s\src\hotspot\share\prims\jni.cpp, line 520]
Event: 13.982 Thread 0x00000233f874c230 Exception <a 'sun/nio/fs/WindowsException'{0x00000000d60b0a78}> (0x00000000d60b0a78) 
thrown [s\src\hotspot\share\prims\jni.cpp, line 520]
Event: 14.048 Thread 0x00000233f874c230 Exception <a 'sun/nio/fs/WindowsException'{0x00000000d62b2a30}> (0x00000000d62b2a30) 
thrown [s\src\hotspot\share\prims\jni.cpp, line 520]
Event: 14.049 Thread 0x00000233f874c230 Exception <a 'sun/nio/fs/WindowsException'{0x00000000d62b3310}> (0x00000000d62b3310) 
thrown [s\src\hotspot\share\prims\jni.cpp, line 520]
Event: 14.125 Thread 0x00000233f874c230 Exception <a 'java/lang/IncompatibleClassChangeError'{0x00000000d644bc48}: Found class java.lang.Object, but interface was expected> (0x00000000d644bc48) 
thrown [s\src\hotspot\share\interpreter\linkResolver.cpp, line 840]
Event: 14.142 Thread 0x00000233f7ceadd0 Exception <a 'java/io/FileNotFoundException'{0x00000000d65ac4f0}> (0x00000000d65ac4f0) 
thrown [s\src\hotspot\share\prims\jni.cpp, line 520]
Event: 14.142 Thread 0x00000233f7ceadd0 Exception <a 'java/io/FileNotFoundException'{0x00000000d65ad7a0}> (0x00000000d65ad7a0) 
thrown [s\src\hotspot\share\prims\jni.cpp, line 520]
Event: 14.143 Thread 0x00000233f7ceadd0 Exception <a 'java/io/FileNotFoundException'{0x00000000d65aea00}> (0x00000000d65aea00) 
thrown [s\src\hotspot\share\prims\jni.cpp, line 520]
Event: 14.173 Thread 0x00000233f7ceadd0 Exception <a 'sun/nio/fs/WindowsException'{0x00000000d67372a8}> (0x00000000d67372a8) 
thrown [s\src\hotspot\share\prims\jni.cpp, line 520]
Event: 14.173 Thread 0x00000233f7ceadd0 Exception <a 'sun/nio/fs/WindowsException'{0x00000000d67378d8}> (0x00000000d67378d8) 
thrown [s\src\hotspot\share\prims\jni.cpp, line 520]
Event: 14.174 Thread 0x00000233f7ceadd0 Exception <a 'sun/nio/fs/WindowsException'{0x00000000d6738540}> (0x00000000d6738540) 
thrown [s\src\hotspot\share\prims\jni.cpp, line 520]
Event: 14.174 Thread 0x00000233f7ceadd0 Exception <a 'sun/nio/fs/WindowsException'{0x00000000d6738b70}> (0x00000000d6738b70) 
thrown [s\src\hotspot\share\prims\jni.cpp, line 520]
Event: 14.247 Thread 0x00000233f7ceadd0 Implicit null exception at 0x00000233e516c3b1 to 0x00000233e516c698
Event: 14.248 Thread 0x00000233f7ceadd0 Exception <a 'java/lang/NoSuchMethodError'{0x00000000d5740f90}: 'java.lang.Object java.lang.invoke.DelegatingMethodHandle$Holder.reinvoke_L(java.lang.Object, int, long, java.lang.Object, java.lang.Object, int, java.lang.Object)'> (0x00000000d5740f90) 
thrown [s\src\hotspot\share\interpreter\linkResolver.cpp, line 773]
Event: 14.516 Thread 0x00000233f7ceadd0 Exception <a 'java/lang/NoSuchMethodError'{0x00000000d5cf6200}: 'java.lang.Object java.lang.invoke.Invokers$Holder.invoke_MT(java.lang.Object, java.lang.Object, java.lang.Object, java.lang.Object, java.lang.Object, java.lang.Object, java.lang.Object, java.lang.Object, java.lang.Object, java.lang.Object)'> (0x00000000d5cf6200) 
thrown [s\src\hotspot\share\interpreter\linkResolver.cpp, line 773]

ZGC Phase Switch (0 events):
No events

VM Operations (20 events):
Event: 14.049 Executing VM operation: HandshakeAllThreads (Deoptimize)
Event: 14.049 Executing VM operation: HandshakeAllThreads (Deoptimize) done
Event: 14.052 Executing VM operation: HandshakeAllThreads (Deoptimize)
Event: 14.052 Executing VM operation: HandshakeAllThreads (Deoptimize) done
Event: 14.182 Executing VM operation: ParallelGCFailedAllocation (Allocation Failure)
Event: 14.185 Executing VM operation: ParallelGCFailedAllocation (Allocation Failure) done
Event: 14.201 Executing VM operation: HandshakeAllThreads (Deoptimize)
Event: 14.201 Executing VM operation: HandshakeAllThreads (Deoptimize) done
Event: 14.220 Executing VM operation: HandshakeAllThreads (Deoptimize)
Event: 14.220 Executing VM operation: HandshakeAllThreads (Deoptimize) done
Event: 14.224 Executing VM operation: HandshakeAllThreads (Deoptimize)
Event: 14.225 Executing VM operation: HandshakeAllThreads (Deoptimize) done
Event: 14.263 Executing VM operation: HandshakeAllThreads (Deoptimize)
Event: 14.263 Executing VM operation: HandshakeAllThreads (Deoptimize) done
Event: 14.284 Executing VM operation: HandshakeAllThreads (Deoptimize)
Event: 14.284 Executing VM operation: HandshakeAllThreads (Deoptimize) done
Event: 14.286 Executing VM operation: HandshakeAllThreads (Deoptimize)
Event: 14.286 Executing VM operation: HandshakeAllThreads (Deoptimize) done
Event: 14.370 Executing VM operation: HandshakeAllThreads (Deoptimize)
Event: 14.370 Executing VM operation: HandshakeAllThreads (Deoptimize) done

Memory protections (0 events):
No events

Nmethod flushes (20 events):
Event: 7.768 Thread 0x00000233f0cc36a0 flushing  nmethod 0x00000233dda34e90
Event: 7.768 Thread 0x00000233f0cc36a0 flushing  nmethod 0x00000233dda60c10
Event: 7.768 Thread 0x00000233f0cc36a0 flushing  nmethod 0x00000233dda67190
Event: 7.768 Thread 0x00000233f0cc36a0 flushing  nmethod 0x00000233dda9b510
Event: 7.768 Thread 0x00000233f0cc36a0 flushing  nmethod 0x00000233dda9c990
Event: 7.768 Thread 0x00000233f0cc36a0 flushing  nmethod 0x00000233dda9d290
Event: 7.768 Thread 0x00000233f0cc36a0 flushing  nmethod 0x00000233dda9e490
Event: 7.768 Thread 0x00000233f0cc36a0 flushing  nmethod 0x00000233dda9f090
Event: 7.768 Thread 0x00000233f0cc36a0 flushing  nmethod 0x00000233dda9f810
Event: 7.768 Thread 0x00000233f0cc36a0 flushing  nmethod 0x00000233ddaa0d90
Event: 7.768 Thread 0x00000233f0cc36a0 flushing  nmethod 0x00000233ddaa1290
Event: 7.768 Thread 0x00000233f0cc36a0 flushing  nmethod 0x00000233ddaa2610
Event: 7.768 Thread 0x00000233f0cc36a0 flushing  nmethod 0x00000233ddaa3310
Event: 7.768 Thread 0x00000233f0cc36a0 flushing  nmethod 0x00000233ddaacf90
Event: 7.768 Thread 0x00000233f0cc36a0 flushing  nmethod 0x00000233ddaad490
Event: 7.768 Thread 0x00000233f0cc36a0 flushing  nmethod 0x00000233ddaaf010
Event: 7.768 Thread 0x00000233f0cc36a0 flushing  nmethod 0x00000233ddabbf10
Event: 7.768 Thread 0x00000233f0cc36a0 flushing  nmethod 0x00000233ddacc290
Event: 7.768 Thread 0x00000233f0cc36a0 flushing  nmethod 0x00000233ddacc590
Event: 7.768 Thread 0x00000233f0cc36a0 flushing  nmethod 0x00000233ddb46410

Events (20 events):
Event: 7.526 Thread 0x00000233da25c990 Thread added: 0x00000233f7cea740
Event: 7.528 Thread 0x00000233da25c990 Thread added: 0x00000233f7cea0b0
Event: 7.528 Thread 0x00000233da25c990 Thread added: 0x00000233f7ceb460
Event: 7.529 Thread 0x00000233da25c990 Thread added: 0x00000233f7ce7fe0
Event: 7.529 Thread 0x00000233da25c990 Thread added: 0x00000233f7ce8d00
Event: 7.530 Thread 0x00000233da25c990 Thread added: 0x00000233f7ce9390
Event: 7.530 Thread 0x00000233da25c990 Thread added: 0x00000233f7ce9a20
Event: 7.531 Thread 0x00000233da25c990 Thread added: 0x00000233f8749440
Event: 7.531 Thread 0x00000233da25c990 Thread added: 0x00000233f874ae80
Event: 7.597 Thread 0x00000233da25c990 Thread added: 0x00000233f874a160
Event: 8.039 Thread 0x00000233da25c990 Thread added: 0x00000233f8749ad0
Event: 8.039 Thread 0x00000233da25c990 Thread added: 0x00000233f874c230
Event: 9.566 Thread 0x00000233f0ce2ec0 Thread added: 0x00000233f0cecc30
Event: 10.789 Thread 0x00000233f7ce5f10 Thread added: 0x00000233f874bba0
Event: 10.790 Thread 0x00000233f874bba0 Thread added: 0x00000233f874c8c0
Event: 10.790 Thread 0x00000233f874c8c0 Thread added: 0x00000233fa0fe920
Event: 10.904 Thread 0x00000233f7ce6c30 Thread exited: 0x00000233f7ce6c30
Event: 12.506 Thread 0x00000233f0cecc30 Thread exited: 0x00000233f0cecc30
Event: 12.530 Thread 0x00000233f0cee0a0 Thread exited: 0x00000233f0cee0a0
Event: 13.970 Thread 0x00000233f0ced9d0 Thread added: 0x00000233f0ceee40


Dynamic libraries:
0x00007ff67ddc0000 - 0x00007ff67ddce000 	c:\Users\priya\.vscode\extensions\redhat.java-1.45.0-win32-x64\jre\21.0.8-win32-x86_64\bin\java.exe
0x00007ffaf43c0000 - 0x00007ffaf4629000 	C:\WINDOWS\SYSTEM32\ntdll.dll
0x00007ffaf33f0000 - 0x00007ffaf34b9000 	C:\WINDOWS\System32\KERNEL32.DLL
0x00007ffaf18c0000 - 0x00007ffaf1cb3000 	C:\WINDOWS\System32\KERNELBASE.dll
0x00007ffaf1550000 - 0x00007ffaf169b000 	C:\WINDOWS\System32\ucrtbase.dll
0x00007ffae7fd0000 - 0x00007ffae7fe8000 	c:\Users\priya\.vscode\extensions\redhat.java-1.45.0-win32-x64\jre\21.0.8-win32-x86_64\bin\jli.dll
0x00007ffac0f90000 - 0x00007ffac0fae000 	c:\Users\priya\.vscode\extensions\redhat.java-1.45.0-win32-x64\jre\21.0.8-win32-x86_64\bin\VCRUNTIME140.dll
0x00007ffaf3720000 - 0x00007ffaf38e4000 	C:\WINDOWS\System32\USER32.dll
0x00007ffad3d20000 - 0x00007ffad3fb3000 	C:\WINDOWS\WinSxS\amd64_microsoft.windows.common-controls_6595b64144ccf1df_6.0.26100.5074_none_3e0d6f78e32fd63f\COMCTL32.dll
0x00007ffaf17f0000 - 0x00007ffaf1817000 	C:\WINDOWS\System32\win32u.dll
0x00007ffaf4110000 - 0x00007ffaf41b9000 	C:\WINDOWS\System32\msvcrt.dll
0x00007ffaf2670000 - 0x00007ffaf269b000 	C:\WINDOWS\System32\GDI32.dll
0x00007ffaf2060000 - 0x00007ffaf218d000 	C:\WINDOWS\System32\gdi32full.dll
0x00007ffaf1e30000 - 0x00007ffaf1ed3000 	C:\WINDOWS\System32\msvcp_win.dll
0x00007ffaf2e90000 - 0x00007ffaf2ebf000 	C:\WINDOWS\System32\IMM32.DLL
0x00007ffae8c10000 - 0x00007ffae8c1c000 	c:\Users\priya\.vscode\extensions\redhat.java-1.45.0-win32-x64\jre\21.0.8-win32-x86_64\bin\vcruntime140_1.dll
0x00007ffab8050000 - 0x00007ffab80dd000 	c:\Users\priya\.vscode\extensions\redhat.java-1.45.0-win32-x64\jre\21.0.8-win32-x86_64\bin\msvcp140.dll
0x00007ffa36620000 - 0x00007ffa373b7000 	c:\Users\priya\.vscode\extensions\redhat.java-1.45.0-win32-x64\jre\21.0.8-win32-x86_64\bin\server\jvm.dll
0x00007ffaf3600000 - 0x00007ffaf36b4000 	C:\WINDOWS\System32\ADVAPI32.dll
0x00007ffaf42c0000 - 0x00007ffaf4366000 	C:\WINDOWS\System32\sechost.dll
0x00007ffaf2230000 - 0x00007ffaf2348000 	C:\WINDOWS\System32\RPCRT4.dll
0x00007ffaf26c0000 - 0x00007ffaf2734000 	C:\WINDOWS\System32\WS2_32.dll
0x00007ffaf13b0000 - 0x00007ffaf140e000 	C:\WINDOWS\SYSTEM32\POWRPROF.dll
0x00007ffad5c60000 - 0x00007ffad5c95000 	C:\WINDOWS\SYSTEM32\WINMM.dll
0x00007ffae7a70000 - 0x00007ffae7a7b000 	C:\WINDOWS\SYSTEM32\VERSION.dll
0x00007ffaf1390000 - 0x00007ffaf13a4000 	C:\WINDOWS\SYSTEM32\UMPDC.dll
0x00007ffaf02f0000 - 0x00007ffaf030b000 	C:\WINDOWS\SYSTEM32\kernel.appcore.dll
0x00007ffae8890000 - 0x00007ffae889a000 	c:\Users\priya\.vscode\extensions\redhat.java-1.45.0-win32-x64\jre\21.0.8-win32-x86_64\bin\jimage.dll
0x00007ffaeedb0000 - 0x00007ffaeeff2000 	C:\WINDOWS\SYSTEM32\DBGHELP.DLL
0x00007ffaf2ed0000 - 0x00007ffaf324b000 	C:\WINDOWS\System32\combase.dll
0x00007ffaf23b0000 - 0x00007ffaf2487000 	C:\WINDOWS\System32\OLEAUT32.dll
0x00007ffaccb80000 - 0x00007ffaccbbd000 	C:\WINDOWS\SYSTEM32\dbgcore.DLL
0x00007ffaf1820000 - 0x00007ffaf18b9000 	C:\WINDOWS\System32\bcryptPrimitives.dll
0x00007ffae7e90000 - 0x00007ffae7e9f000 	c:\Users\priya\.vscode\extensions\redhat.java-1.45.0-win32-x64\jre\21.0.8-win32-x86_64\bin\instrument.dll
0x00007ffab9bf0000 - 0x00007ffab9c0f000 	c:\Users\priya\.vscode\extensions\redhat.java-1.45.0-win32-x64\jre\21.0.8-win32-x86_64\bin\java.dll
0x00007ffaf2740000 - 0x00007ffaf2e8d000 	C:\WINDOWS\System32\SHELL32.dll
0x00007ffaf1cc0000 - 0x00007ffaf1e2c000 	C:\WINDOWS\System32\wintypes.dll
0x00007ffaef190000 - 0x00007ffaef9e9000 	C:\WINDOWS\SYSTEM32\windows.storage.dll
0x00007ffaf38f0000 - 0x00007ffaf39e0000 	C:\WINDOWS\System32\SHCORE.dll
0x00007ffaf2190000 - 0x00007ffaf21f2000 	C:\WINDOWS\System32\shlwapi.dll
0x00007ffaf1470000 - 0x00007ffaf1499000 	C:\WINDOWS\SYSTEM32\profapi.dll
0x00007ffab8030000 - 0x00007ffab8048000 	c:\Users\priya\.vscode\extensions\redhat.java-1.45.0-win32-x64\jre\21.0.8-win32-x86_64\bin\zip.dll
0x00007ffad32a0000 - 0x00007ffad32b0000 	C:\Users\priya\.vscode\extensions\redhat.java-1.45.0-win32-x64\jre\21.0.8-win32-x86_64\bin\net.dll
0x00007ffae7610000 - 0x00007ffae772f000 	C:\WINDOWS\SYSTEM32\WINHTTP.dll
0x00007ffaf0850000 - 0x00007ffaf08bb000 	C:\WINDOWS\system32\mswsock.dll
0x00007ffab8010000 - 0x00007ffab8026000 	C:\Users\priya\.vscode\extensions\redhat.java-1.45.0-win32-x64\jre\21.0.8-win32-x86_64\bin\nio.dll
0x00007ffad30d0000 - 0x00007ffad30e0000 	c:\Users\priya\.vscode\extensions\redhat.java-1.45.0-win32-x64\jre\21.0.8-win32-x86_64\bin\verify.dll
0x00007ffab7c70000 - 0x00007ffab7cb4000 	C:\Users\priya\AppData\Roaming\Code\User\globalStorage\redhat.java\1.45.0\config_win\org.eclipse.equinox.launcher\org.eclipse.equinox.launcher.win32.win32.x86_64_1.2.1400.v20250801-0854\eclipse_11916.dll
0x00007ffaf3250000 - 0x00007ffaf33e8000 	C:\WINDOWS\System32\ole32.dll
0x00007ffaf0c20000 - 0x00007ffaf0c3b000 	C:\WINDOWS\SYSTEM32\CRYPTSP.dll
0x00007ffaf0250000 - 0x00007ffaf028b000 	C:\WINDOWS\system32\rsaenh.dll
0x00007ffaf08f0000 - 0x00007ffaf091b000 	C:\WINDOWS\SYSTEM32\USERENV.dll
0x00007ffaf1440000 - 0x00007ffaf1466000 	C:\WINDOWS\SYSTEM32\bcrypt.dll
0x00007ffaf0a80000 - 0x00007ffaf0a8c000 	C:\WINDOWS\SYSTEM32\CRYPTBASE.dll
0x00007ffaefcf0000 - 0x00007ffaefd24000 	C:\WINDOWS\SYSTEM32\IPHLPAPI.DLL
0x00007ffaf3710000 - 0x00007ffaf371a000 	C:\WINDOWS\System32\NSI.dll
0x00007ffab7c20000 - 0x00007ffab7c69000 	C:\Users\priya\AppData\Local\Temp\jna-106935279\jna9302752770043533263.dll
0x00007ffaf4370000 - 0x00007ffaf4378000 	C:\WINDOWS\System32\PSAPI.DLL
0x00007ffae78b0000 - 0x00007ffae78ce000 	C:\WINDOWS\SYSTEM32\dhcpcsvc6.DLL
0x00007ffae7880000 - 0x00007ffae78a3000 	C:\WINDOWS\SYSTEM32\dhcpcsvc.DLL

JVMTI agents:
c:\Users\priya\.vscode\extensions\redhat.java-1.45.0-win32-x64\lombok\lombok-1.18.39-4050.jar path:c:\Users\priya\.vscode\extensions\redhat.java-1.45.0-win32-x64\jre\21.0.8-win32-x86_64\bin\instrument.dll, loaded, initialized, instrumentlib options:none

dbghelp: loaded successfully - version: 4.0.5 - missing functions: none
symbol engine: initialized successfully - sym options: 0x614 - pdb path: .;c:\Users\priya\.vscode\extensions\redhat.java-1.45.0-win32-x64\jre\21.0.8-win32-x86_64\bin;C:\WINDOWS\SYSTEM32;C:\WINDOWS\WinSxS\amd64_microsoft.windows.common-controls_6595b64144ccf1df_6.0.26100.5074_none_3e0d6f78e32fd63f;c:\Users\priya\.vscode\extensions\redhat.java-1.45.0-win32-x64\jre\21.0.8-win32-x86_64\bin\server;C:\Users\priya\AppData\Roaming\Code\User\globalStorage\redhat.java\1.45.0\config_win\org.eclipse.equinox.launcher\org.eclipse.equinox.launcher.win32.win32.x86_64_1.2.1400.v20250801-0854;C:\Users\priya\AppData\Local\Temp\jna-106935279

VM Arguments:
jvm_args: --add-modules=ALL-SYSTEM --add-opens=java.base/java.util=ALL-UNNAMED --add-opens=java.base/java.lang=ALL-UNNAMED --add-opens=java.base/sun.nio.fs=ALL-UNNAMED -Declipse.application=org.eclipse.jdt.ls.core.id1 -Dosgi.bundles.defaultStartLevel=4 -Declipse.product=org.eclipse.jdt.ls.core.product -Djava.import.generatesMetadataFilesAtProjectRoot=false -DDetectVMInstallationsJob.disabled=true -Dfile.encoding=utf8 -XX:+UseParallelGC -XX:GCTimeRatio=4 -XX:AdaptiveSizePolicyWeight=90 -Dsun.zip.disableMemoryMapping=true -Xmx2G -Xms100m -Xlog:disable -javaagent:c:\Users\priya\.vscode\extensions\redhat.java-1.45.0-win32-x64\lombok\lombok-1.18.39-4050.jar -XX:+HeapDumpOnOutOfMemoryError -XX:HeapDumpPath=c:\Users\priya\AppData\Roaming\Code\User\workspaceStorage\9a112c488d86bb125002ba79e044f347\redhat.java -Daether.dependencyCollector.impl=bf 
java_command: c:\Users\priya\.vscode\extensions\redhat.java-1.45.0-win32-x64\server\plugins\org.eclipse.equinox.launcher_1.7.0.v20250519-0528.jar -configuration c:\Users\priya\AppData\Roaming\Code\User\globalStorage\redhat.java\1.45.0\config_win -data c:\Users\priya\AppData\Roaming\Code\User\workspaceStorage\9a112c488d86bb125002ba79e044f347\redhat.java\jdt_ws --pipe=\\.\pipe\lsp-9a644b3070aeec7ded4bfc8cf5697bfc-sock
java_class_path (initial): c:\Users\priya\.vscode\extensions\redhat.java-1.45.0-win32-x64\server\plugins\org.eclipse.equinox.launcher_1.7.0.v20250519-0528.jar
Launcher Type: SUN_STANDARD

[Global flags]
    uintx AdaptiveSizePolicyWeight                 = 90                                        {product} {command line}
     intx CICompilerCount                          = 4                                         {product} {ergonomic}
    uintx GCTimeRatio                              = 4                                         {product} {command line}
     bool HeapDumpOnOutOfMemoryError               = true                                   {manageable} {command line}
    ccstr HeapDumpPath                             = c:\Users\priya\AppData\Roaming\Code\User\workspaceStorage\9a112c488d86bb125002ba79e044f347\redhat.java         {manageable} {command line}
   size_t InitialHeapSize                          = 104857600                                 {product} {command line}
   size_t MaxHeapSize                              = 2147483648                                {product} {command line}
   size_t MaxNewSize                               = 715653120                                 {product} {ergonomic}
   size_t MinHeapDeltaBytes                        = 524288                                    {product} {ergonomic}
   size_t MinHeapSize                              = 104857600                                 {product} {command line}
   size_t NewSize                                  = 34603008                                  {product} {ergonomic}
    uintx NonNMethodCodeHeapSize                   = 5839372                                {pd product} {ergonomic}
    uintx NonProfiledCodeHeapSize                  = 122909434                              {pd product} {ergonomic}
   size_t OldSize                                  = 70254592                                  {product} {ergonomic}
    uintx ProfiledCodeHeapSize                     = 122909434                              {pd product} {ergonomic}
    uintx ReservedCodeCacheSize                    = 251658240                              {pd product} {ergonomic}
     bool SegmentedCodeCache                       = true                                      {product} {ergonomic}
   size_t SoftMaxHeapSize                          = 2147483648                             {manageable} {ergonomic}
     bool UseCompressedOops                        = true                           {product lp64_product} {ergonomic}
     bool UseLargePagesIndividualAllocation        = false                                  {pd product} {ergonomic}
     bool UseParallelGC                            = true                                      {product} {command line}

Logging:
Log output configuration:
 #0: stdout all=off uptime,level,tags foldmultilines=false
 #1: stderr all=off uptime,level,tags foldmultilines=false

Environment Variables:
JAVA_HOME=C:\Program Files\Java\jdk-22
PATH=C:\Python313\Scripts\;C:\Python313\;C:\Program Files\Common Files\Oracle\Java\javapath;C:\Program Files (x86)\Common Files\Intel\Shared Libraries\redist\intel64\compiler;C:\WINDOWS\system32;C:\WINDOWS;C:\WINDOWS\System32\Wbem;C:\WINDOWS\System32\WindowsPowerShell\v1.0\;C:\WINDOWS\System32\OpenSSH\;C:\Program Files\dotnet\;C:\Program Files\Git\cmd;C:\Program Files\Git\mingw64\bin;C:\Program Files\Git\usr\bin;C:\Program Files\Java\jdk-22\bin;C:\Program Files\Tesseract-OCR;c:\users\priya\appdata\local\packages\pythonsoftwarefoundation.python.3.12_qbz5n2kfra8p0\localcache\local-packages\python312\site-packages;C:\Users\priya\AppData\Local\Packages\PythonSoftwareFoundation.Python.3.12_qbz5n2kfra8p0\LocalCache\local-packages\Python312\Scripts;C:\Program Files (x86)\Windows Kits\10\Windows Performance Toolkit\;C:\ProgramData\Microsoft\Windows\Start Menu\Programs\MySQL;C:\Program Files\MySQL\MySQL Server 8.0\bin;C:\Program Files\nodejs\;C:\ProgramData\chocolatey\bin;C:\Program Files\MySQL\MySQL Shell 8.0\bin\;C:\Users\priya\AppData\Local\Microsoft\WindowsApps;C:\Users\priya\AppData\Local\Programs\Microsoft VS Code\bin;C:\Program Files\JetBrains\PyCharm 2023.3.5\bin;;C:\Program Files\Git\cmd;C:\Program Files\JetBrains\IntelliJ IDEA Community Edition 2024.1.4\bin;;C:\Users\priya\AppData\Local\Packages\PythonSoftwareFoundation.Python.3.12_qbz5n2kfra8p0\LocalCache\local-packages\Python312\Scripts;C:\Users\priya\Downloads\flutter_windows_3.27.2-stable\flutter\bin;C:\Users\priya\AppData\Roaming\npm
USERNAME=priya
OS=Windows_NT
PROCESSOR_IDENTIFIER=Intel64 Family 6 Model 142 Stepping 10, GenuineIntel
TMP=C:\Users\priya\AppData\Local\Temp
TEMP=C:\Users\priya\AppData\Local\Temp




Periodic native trim disabled

---------------  S Y S T E M  ---------------

OS:
 Windows 11 , 64 bit Build 26100 (10.0.26100.5074)
OS uptime: 9 days 14:21 hours
Hyper-V role detected

CPU: total 8 (initial active 8) (4 cores per cpu, 2 threads per core) family 6 model 142 stepping 10 microcode 0xf6, cx8, cmov, fxsr, ht, mmx, 3dnowpref, sse, sse2, sse3, ssse3, sse4.1, sse4.2, popcnt, lzcnt, tsc, tscinvbit, avx, avx2, aes, erms, clmul, bmi1, bmi2, rtm, adx, fma, vzeroupper, clflush, clflushopt, hv, rdtscp, f16c
Processor Information for processor 0
  Max Mhz: 2112, Current Mhz: 1910, Mhz Limit: 1900
Processor Information for processor 1
  Max Mhz: 2112, Current Mhz: 1508, Mhz Limit: 1900
Processor Information for processor 2
  Max Mhz: 2112, Current Mhz: 1508, Mhz Limit: 1900
Processor Information for processor 3
  Max Mhz: 2112, Current Mhz: 1508, Mhz Limit: 1900
Processor Information for processor 4
  Max Mhz: 2112, Current Mhz: 1508, Mhz Limit: 1900
Processor Information for processor 5
  Max Mhz: 2112, Current Mhz: 1508, Mhz Limit: 1900
Processor Information for processor 6
  Max Mhz: 2112, Current Mhz: 1910, Mhz Limit: 1900
Processor Information for processor 7
  Max Mhz: 2112, Current Mhz: 1508, Mhz Limit: 1900

Memory: 4k page, system-wide physical 16019M (508M free)
TotalPageFile size 31264M (AvailPageFile size 72M)
current process WorkingSet (physical memory assigned to process): 227M, peak: 233M
current process commit charge ("private bytes"): 343M, peak: 357M

vm_info: OpenJDK 64-Bit Server VM (21.0.8+9-LTS) for windows-amd64 JRE (21.0.8+9-LTS), built on 2025-07-15T00:00:00Z by "admin" with MS VC++ 17.7 (VS2022)

END.
