#
# There is insufficient memory for the Java Runtime Environment to continue.
# Native memory allocation (malloc) failed to allocate 1856992 bytes. Error detail: Chunk::new
# Possible reasons:
#   The system is out of physical RAM or swap space
#   This process is running with CompressedOops enabled, and the Java Heap may be blocking the growth of the native heap
# Possible solutions:
#   Reduce memory load on the system
#   Increase physical memory or swap space
#   Check if swap backing store is full
#   Decrease Java heap size (-Xmx/-Xms)
#   Decrease number of Java threads
#   Decrease Java thread stack sizes (-Xss)
#   Set larger code cache with -XX:ReservedCodeCacheSize=
#   JVM is running with Unscaled Compressed Oops mode in which the Java heap is
#     placed in the first 4GB address space. The Java Heap base address is the
#     maximum limit for the native heap growth. Please use -XX:HeapBaseMinAddress
#     to set the Java Heap base and to place the Java Heap above 4GB virtual address.
# This output file may be truncated or incomplete.
#
#  Out of Memory Error (arena.cpp:168), pid=21156, tid=8800
#
# JRE version: OpenJDK Runtime Environment Temurin-21.0.8+9 (21.0.8+9) (build 21.0.8+9-LTS)
# Java VM: OpenJDK 64-Bit Server VM Temurin-21.0.8+9 (21.0.8+9-LTS, mixed mode, sharing, tiered, compressed oops, compressed class ptrs, parallel gc, windows-amd64)
# No core dump will be written. Minidumps are not enabled by default on client versions of Windows
#

---------------  S U M M A R Y ------------

Command Line: --add-modules=ALL-SYSTEM --add-opens=java.base/java.util=ALL-UNNAMED --add-opens=java.base/java.lang=ALL-UNNAMED --add-opens=java.base/sun.nio.fs=ALL-UNNAMED -Declipse.application=org.eclipse.jdt.ls.core.id1 -Dosgi.bundles.defaultStartLevel=4 -Declipse.product=org.eclipse.jdt.ls.core.product -Djava.import.generatesMetadataFilesAtProjectRoot=false -DDetectVMInstallationsJob.disabled=true -Dfile.encoding=utf8 -XX:+UseParallelGC -XX:GCTimeRatio=4 -XX:AdaptiveSizePolicyWeight=90 -Dsun.zip.disableMemoryMapping=true -Xmx2G -Xms100m -Xlog:disable -javaagent:c:\Users\priya\.vscode\extensions\redhat.java-1.45.0-win32-x64\lombok\lombok-1.18.39-4050.jar -XX:+HeapDumpOnOutOfMemoryError -XX:HeapDumpPath=c:\Users\priya\AppData\Roaming\Code\User\workspaceStorage\9a112c488d86bb125002ba79e044f347\redhat.java -Daether.dependencyCollector.impl=bf c:\Users\priya\.vscode\extensions\redhat.java-1.45.0-win32-x64\server\plugins\org.eclipse.equinox.launcher_1.7.0.v20250519-0528.jar -configuration c:\Users\priya\AppData\Roaming\Code\User\globalStorage\redhat.java\1.45.0\config_win -data c:\Users\priya\AppData\Roaming\Code\User\workspaceStorage\9a112c488d86bb125002ba79e044f347\redhat.java\jdt_ws --pipe=\\.\pipe\lsp-272e600ec7799313a3d567d792163950-sock

Host: Intel(R) Core(TM) i7-8650U CPU @ 1.90GHz, 8 cores, 15G,  Windows 11 , 64 bit Build 26100 (10.0.26100.5074)
Time: Sun Sep 28 15:16:13 2025 India Standard Time elapsed time: 11.802697 seconds (0d 0h 0m 11s)

---------------  T H R E A D  ---------------

Current thread (0x000002ad5c9cf1c0):  JavaThread "C2 CompilerThread0" daemon [_thread_in_native, id=8800, stack(0x000000c197800000,0x000000c197900000) (1024K)]


Current CompileTask:
C2:11802 5077   !   4       org.eclipse.osgi.internal.loader.classpath.ClasspathManager::defineClass (636 bytes)

Stack: [0x000000c197800000,0x000000c197900000]
Native frames: (J=compiled Java code, j=interpreted, Vv=VM code, C=native code)
V  [jvm.dll+0x6d2449]
V  [jvm.dll+0x8ae341]
V  [jvm.dll+0x8b08be]
V  [jvm.dll+0x8b0fa3]
V  [jvm.dll+0x280c96]
V  [jvm.dll+0xc581d]
V  [jvm.dll+0xc5d53]
V  [jvm.dll+0x3b919c]
V  [jvm.dll+0x1e1213]
V  [jvm.dll+0x249022]
V  [jvm.dll+0x2484af]
V  [jvm.dll+0x1c89ee]
V  [jvm.dll+0x257d4d]
V  [jvm.dll+0x2562ea]
V  [jvm.dll+0x3f2d16]
V  [jvm.dll+0x857e6b]
V  [jvm.dll+0x6d0b0d]
C  [ucrtbase.dll+0x37b0]
C  [KERNEL32.DLL+0x2e8d7]
C  [ntdll.dll+0x8d9c]


---------------  P R O C E S S  ---------------

Threads class SMR info:
_java_thread_list=0x000002ad637c23b0, length=40, elements={
0x000002ad44354ea0, 0x000002ad4440a5e0, 0x000002ad4440d220, 0x000002ad5c9b8040,
0x000002ad5c9b8d60, 0x000002ad5c9b7320, 0x000002ad5c9b58e0, 0x000002ad5c9cf1c0,
0x000002ad5c9d1370, 0x000002ad5c9b86d0, 0x000002ad5c9b6c90, 0x000002ad5c9b6600,
0x000002ad5c9b5f70, 0x000002ad631727a0, 0x000002ad631734c0, 0x000002ad63172110,
0x000002ad631713f0, 0x000002ad631706d0, 0x000002ad63170d60, 0x000002ad635d2a90,
0x000002ad635d3e40, 0x000002ad635d37b0, 0x000002ad64a354b0, 0x000002ad635d44d0,
0x000002ad635d4b60, 0x000002ad635d51f0, 0x000002ad635d1d70, 0x000002ad635d5880,
0x000002ad635d2400, 0x000002ad635d65a0, 0x000002ad635d9390, 0x000002ad635d7fe0,
0x000002ad635d6c30, 0x000002ad635d72c0, 0x000002ad635d7950, 0x000002ad635d8670,
0x000002ad635d5f10, 0x000002ad63172e30, 0x000002ad64c8de60, 0x000002ad64a34040
}

Java Threads: ( => current thread )
  0x000002ad44354ea0 JavaThread "main"                              [_thread_blocked, id=18360, stack(0x000000c196e00000,0x000000c196f00000) (1024K)]
  0x000002ad4440a5e0 JavaThread "Reference Handler"          daemon [_thread_blocked, id=13304, stack(0x000000c197200000,0x000000c197300000) (1024K)]
  0x000002ad4440d220 JavaThread "Finalizer"                  daemon [_thread_blocked, id=12512, stack(0x000000c197300000,0x000000c197400000) (1024K)]
  0x000002ad5c9b8040 JavaThread "Signal Dispatcher"          daemon [_thread_blocked, id=20424, stack(0x000000c197400000,0x000000c197500000) (1024K)]
  0x000002ad5c9b8d60 JavaThread "Attach Listener"            daemon [_thread_blocked, id=24436, stack(0x000000c197500000,0x000000c197600000) (1024K)]
  0x000002ad5c9b7320 JavaThread "Service Thread"             daemon [_thread_blocked, id=19276, stack(0x000000c197600000,0x000000c197700000) (1024K)]
  0x000002ad5c9b58e0 JavaThread "Monitor Deflation Thread"   daemon [_thread_blocked, id=5492, stack(0x000000c197700000,0x000000c197800000) (1024K)]
=>0x000002ad5c9cf1c0 JavaThread "C2 CompilerThread0"         daemon [_thread_in_native, id=8800, stack(0x000000c197800000,0x000000c197900000) (1024K)]
  0x000002ad5c9d1370 JavaThread "C1 CompilerThread0"         daemon [_thread_blocked, id=29068, stack(0x000000c197900000,0x000000c197a00000) (1024K)]
  0x000002ad5c9b86d0 JavaThread "Common-Cleaner"             daemon [_thread_blocked, id=11396, stack(0x000000c197a00000,0x000000c197b00000) (1024K)]
  0x000002ad5c9b6c90 JavaThread "Notification Thread"        daemon [_thread_blocked, id=18948, stack(0x000000c197c00000,0x000000c197d00000) (1024K)]
  0x000002ad5c9b6600 JavaThread "Active Thread: Equinox Container: 13141939-0127-48d0-8c03-8997456f9aea"        [_thread_blocked, id=33208, stack(0x000000c198400000,0x000000c198500000) (1024K)]
  0x000002ad5c9b5f70 JavaThread "Refresh Thread: Equinox Container: 13141939-0127-48d0-8c03-8997456f9aea" daemon [_thread_blocked, id=16256, stack(0x000000c198500000,0x000000c198600000) (1024K)]
  0x000002ad631727a0 JavaThread "Framework Event Dispatcher: Equinox Container: 13141939-0127-48d0-8c03-8997456f9aea" daemon [_thread_blocked, id=2528, stack(0x000000c198700000,0x000000c198800000) (1024K)]
  0x000002ad631734c0 JavaThread "Start Level: Equinox Container: 13141939-0127-48d0-8c03-8997456f9aea" daemon [_thread_blocked, id=24448, stack(0x000000c198800000,0x000000c198900000) (1024K)]
  0x000002ad63172110 JavaThread "Bundle File Closer"         daemon [_thread_blocked, id=11688, stack(0x000000c197d00000,0x000000c197e00000) (1024K)]
  0x000002ad631713f0 JavaThread "SCR Component Actor"        daemon [_thread_blocked, id=27700, stack(0x000000c198900000,0x000000c198a00000) (1024K)]
  0x000002ad631706d0 JavaThread "Worker-JM"                         [_thread_blocked, id=6828, stack(0x000000c198b00000,0x000000c198c00000) (1024K)]
  0x000002ad63170d60 JavaThread "JNA Cleaner"                daemon [_thread_blocked, id=27588, stack(0x000000c198c00000,0x000000c198d00000) (1024K)]
  0x000002ad635d2a90 JavaThread "Worker-0: Initialize After Load"        [_thread_blocked, id=29160, stack(0x000000c198d00000,0x000000c198e00000) (1024K)]
  0x000002ad635d3e40 JavaThread "Worker-1: Repository registry initialization"        [_thread_in_vm, id=14988, stack(0x000000c198e00000,0x000000c198f00000) (1024K)]
  0x000002ad635d37b0 JavaThread "Worker-2: Updating Maven Dependencies"        [_thread_blocked, id=21440, stack(0x000000c198f00000,0x000000c199000000) (1024K)]
  0x000002ad64a354b0 JavaThread "C2 CompilerThread1"         daemon [_thread_in_native, id=15960, stack(0x000000c197b00000,0x000000c197c00000) (1024K)]
  0x000002ad635d44d0 JavaThread "Java indexing"              daemon [_thread_blocked, id=13784, stack(0x000000c199000000,0x000000c199100000) (1024K)]
  0x000002ad635d4b60 JavaThread "Worker-3"                          [_thread_blocked, id=5156, stack(0x000000c199100000,0x000000c199200000) (1024K)]
  0x000002ad635d51f0 JavaThread "Worker-4"                          [_thread_blocked, id=31820, stack(0x000000c199600000,0x000000c199700000) (1024K)]
  0x000002ad635d1d70 JavaThread "Worker-5"                          [_thread_blocked, id=2980, stack(0x000000c199700000,0x000000c199800000) (1024K)]
  0x000002ad635d5880 JavaThread "Thread-2"                   daemon [_thread_in_native, id=7456, stack(0x000000c199800000,0x000000c199900000) (1024K)]
  0x000002ad635d2400 JavaThread "Thread-3"                   daemon [_thread_in_native, id=27144, stack(0x000000c199900000,0x000000c199a00000) (1024K)]
  0x000002ad635d65a0 JavaThread "Thread-4"                   daemon [_thread_in_native, id=15884, stack(0x000000c199a00000,0x000000c199b00000) (1024K)]
  0x000002ad635d9390 JavaThread "Thread-5"                   daemon [_thread_in_native, id=34320, stack(0x000000c199b00000,0x000000c199c00000) (1024K)]
  0x000002ad635d7fe0 JavaThread "Thread-6"                   daemon [_thread_in_native, id=12044, stack(0x000000c199c00000,0x000000c199d00000) (1024K)]
  0x000002ad635d6c30 JavaThread "Thread-7"                   daemon [_thread_in_native, id=24036, stack(0x000000c199d00000,0x000000c199e00000) (1024K)]
  0x000002ad635d72c0 JavaThread "Thread-8"                   daemon [_thread_in_native, id=15692, stack(0x000000c199e00000,0x000000c199f00000) (1024K)]
  0x000002ad635d7950 JavaThread "Thread-9"                   daemon [_thread_in_native, id=3260, stack(0x000000c199f00000,0x000000c19a000000) (1024K)]
  0x000002ad635d8670 JavaThread "Thread-10"                  daemon [_thread_in_native, id=24152, stack(0x000000c19a000000,0x000000c19a100000) (1024K)]
  0x000002ad635d5f10 JavaThread "pool-2-thread-1"                   [_thread_blocked, id=34108, stack(0x000000c19a100000,0x000000c19a200000) (1024K)]
  0x000002ad63172e30 JavaThread "WorkspaceEventsHandler"            [_thread_blocked, id=16824, stack(0x000000c19a200000,0x000000c19a300000) (1024K)]
  0x000002ad64c8de60 JavaThread "pool-1-thread-1"                   [_thread_blocked, id=31640, stack(0x000000c19a300000,0x000000c19a400000) (1024K)]
  0x000002ad64a34040 JavaThread "C2 CompilerThread2"         daemon [_thread_in_native, id=31796, stack(0x000000c198a00000,0x000000c198b00000) (1024K)]
Total: 40

Other Threads:
  0x000002ad443f0a30 VMThread "VM Thread"                           [id=4388, stack(0x000000c197100000,0x000000c197200000) (1024K)]
  0x000002ad5c8cca00 WatcherThread "VM Periodic Task Thread"        [id=12184, stack(0x000000c197000000,0x000000c197100000) (1024K)]
  0x000002ad44372030 WorkerThread "GC Thread#0"                     [id=11468, stack(0x000000c196f00000,0x000000c197000000) (1024K)]
  0x000002ad5ed98e00 WorkerThread "GC Thread#1"                     [id=3416, stack(0x000000c197e00000,0x000000c197f00000) (1024K)]
  0x000002ad5e9243d0 WorkerThread "GC Thread#2"                     [id=22836, stack(0x000000c197f00000,0x000000c198000000) (1024K)]
  0x000002ad5e924770 WorkerThread "GC Thread#3"                     [id=9268, stack(0x000000c198000000,0x000000c198100000) (1024K)]
  0x000002ad5ebaf4c0 WorkerThread "GC Thread#4"                     [id=12384, stack(0x000000c198100000,0x000000c198200000) (1024K)]
  0x000002ad5ebaf860 WorkerThread "GC Thread#5"                     [id=32004, stack(0x000000c198200000,0x000000c198300000) (1024K)]
  0x000002ad5e7efd30 WorkerThread "GC Thread#6"                     [id=10160, stack(0x000000c198300000,0x000000c198400000) (1024K)]
  0x000002ad63099fa0 WorkerThread "GC Thread#7"                     [id=2364, stack(0x000000c198600000,0x000000c198700000) (1024K)]
Total: 10

Threads with active compile tasks:
C2 CompilerThread0  11875 5077   !   4       org.eclipse.osgi.internal.loader.classpath.ClasspathManager::defineClass (636 bytes)
C1 CompilerThread0  11875 5579       1       com.google.inject.spi.InjectionPoint::getDeclaringType (5 bytes)
C2 CompilerThread1  11875 4985   !   4       org.eclipse.osgi.internal.loader.BundleLoader::findClass0 (491 bytes)
C2 CompilerThread2  11875 5568       4       com.google.inject.internal.asm.$ByteVector::putByte (39 bytes)
Total: 4

VM state: not at safepoint (normal execution)

VM Mutex/Monitor currently owned by a thread: None

Heap address: 0x0000000080000000, size: 2048 MB, Compressed Oops mode: 32-bit

CDS archive(s) mapped at: [0x000002ad00000000-0x000002ad00ba0000-0x000002ad00ba0000), size 12189696, SharedBaseAddress: 0x000002ad00000000, ArchiveRelocationMode: 1.
Compressed class space mapped at: 0x000002ad01000000-0x000002ad41000000, reserved size: 1073741824
Narrow klass base: 0x000002ad00000000, Narrow klass shift: 0, Narrow klass range: 0x100000000

GC Precious Log:
 CardTable entry size: 512
 CPUs: 8 total, 8 available
 Memory: 16019M
 Large Page Support: Disabled
 NUMA Support: Disabled
 Compressed Oops: Enabled (32-bit)
 Alignments: Space 512K, Generation 512K, Heap 2M
 Heap Min Capacity: 100M
 Heap Initial Capacity: 100M
 Heap Max Capacity: 2G
 Pre-touch: Disabled
 Parallel Workers: 8

Heap:
 PSYoungGen      total 23040K, used 13290K [0x00000000d5580000, 0x00000000d6f00000, 0x0000000100000000)
  eden space 22016K, 55% used [0x00000000d5580000,0x00000000d617a848,0x00000000d6b00000)
  from space 1024K, 100% used [0x00000000d6e00000,0x00000000d6f00000,0x00000000d6f00000)
  to   space 2048K, 0% used [0x00000000d6b00000,0x00000000d6b00000,0x00000000d6d00000)
 ParOldGen       total 68608K, used 19998K [0x0000000080000000, 0x0000000084300000, 0x00000000d5580000)
  object space 68608K, 29% used [0x0000000080000000,0x00000000813878b8,0x0000000084300000)
 Metaspace       used 42336K, committed 43456K, reserved 1114112K
  class space    used 4589K, committed 5056K, reserved 1048576K

Card table byte_map: [0x000002ad57d30000,0x000002ad58140000] _byte_map_base: 0x000002ad57930000

Marking Bits: (ParMarkBitMap*) 0x00007ffa372da340
 Begin Bits: [0x000002ad583f0000, 0x000002ad5a3f0000)
 End Bits:   [0x000002ad5a3f0000, 0x000002ad5c3f0000)

Polling page: 0x000002ad440f0000

Metaspace:

Usage:
  Non-class:     36.86 MB used.
      Class:      4.48 MB used.
       Both:     41.34 MB used.

Virtual space:
  Non-class space:       64.00 MB reserved,      37.50 MB ( 59%) committed,  1 nodes.
      Class space:        1.00 GB reserved,       4.94 MB ( <1%) committed,  1 nodes.
             Both:        1.06 GB reserved,      42.44 MB (  4%) committed. 

Chunk freelists:
   Non-Class:  10.55 MB
       Class:  10.97 MB
        Both:  21.52 MB

MaxMetaspaceSize: unlimited
CompressedClassSpaceSize: 1.00 GB
Initial GC threshold: 21.00 MB
Current GC threshold: 58.38 MB
CDS: on
 - commit_granule_bytes: 65536.
 - commit_granule_words: 8192.
 - virtual_space_node_default_size: 8388608.
 - enlarge_chunks_in_place: 1.
 - use_allocation_guard: 0.


Internal statistics:

num_allocs_failed_limit: 6.
num_arena_births: 800.
num_arena_deaths: 32.
num_vsnodes_births: 2.
num_vsnodes_deaths: 0.
num_space_committed: 679.
num_space_uncommitted: 0.
num_chunks_returned_to_freelist: 41.
num_chunks_taken_from_freelist: 2646.
num_chunk_merges: 11.
num_chunk_splits: 1661.
num_chunks_enlarged: 1012.
num_inconsistent_stats: 0.

CodeHeap 'non-profiled nmethods': size=120000Kb used=2430Kb max_used=2430Kb free=117569Kb
 bounds [0x000002ad50620000, 0x000002ad50890000, 0x000002ad57b50000]
CodeHeap 'profiled nmethods': size=120000Kb used=10258Kb max_used=10258Kb free=109741Kb
 bounds [0x000002ad48b50000, 0x000002ad49560000, 0x000002ad50080000]
CodeHeap 'non-nmethods': size=5760Kb used=1438Kb max_used=1453Kb free=4321Kb
 bounds [0x000002ad50080000, 0x000002ad502f0000, 0x000002ad50620000]
CodeCache: size=245760Kb, used=14126Kb, max_used=14141Kb, free=231631Kb
 total_blobs=5663, nmethods=5003, adapters=563, full_count=0
Compilation: enabled, stopped_count=0, restarted_count=0

Compilation events (20 events):
Event: 11.772 Thread 0x000002ad5c9d1370 5535       3       com.google.inject.internal.asm.$ClassWriter::visitMethod (57 bytes)
Event: 11.773 Thread 0x000002ad5c9d1370 nmethod 5535 0x000002ad4953a790 code [0x000002ad4953a940, 0x000002ad4953abd8]
Event: 11.773 Thread 0x000002ad5c9d1370 5536       3       com.google.inject.internal.asm.$MethodWriter::<init> (232 bytes)
Event: 11.775 Thread 0x000002ad5c9d1370 nmethod 5536 0x000002ad4953ad10 code [0x000002ad4953afa0, 0x000002ad4953baf8]
Event: 11.775 Thread 0x000002ad5c9d1370 5537       3       com.google.inject.internal.asm.$Attribute::putAttributes (78 bytes)
Event: 11.776 Thread 0x000002ad5c9d1370 nmethod 5537 0x000002ad4953c010 code [0x000002ad4953c280, 0x000002ad4953c7a8]
Event: 11.776 Thread 0x000002ad5c9d1370 5538       3       com.google.common.collect.ImmutableSet::of (9 bytes)
Event: 11.777 Thread 0x000002ad5c9d1370 nmethod 5538 0x000002ad4953ca90 code [0x000002ad4953cc80, 0x000002ad4953d110]
Event: 11.783 Thread 0x000002ad5c9d1370 5539       3       com.google.inject.internal.aop.ClassBuilding::signature (57 bytes)
Event: 11.785 Thread 0x000002ad5c9d1370 nmethod 5539 0x000002ad4953d310 code [0x000002ad4953d540, 0x000002ad4953dba8]
Event: 11.785 Thread 0x000002ad5c9d1370 5540       3       com.google.inject.internal.asm.$Label::addForwardReference (102 bytes)
Event: 11.786 Thread 0x000002ad5c9d1370 nmethod 5540 0x000002ad4953df10 code [0x000002ad4953e0e0, 0x000002ad4953e540]
Event: 11.786 Thread 0x000002ad5c9d1370 5541       3       com.google.inject.internal.asm.$MethodWriter::visitFrame (811 bytes)
Event: 11.791 Thread 0x000002ad5c9d1370 nmethod 5541 0x000002ad4953e710 code [0x000002ad4953ec60, 0x000002ad49541040]
Event: 11.791 Thread 0x000002ad5c9d1370 5542       3       com.google.inject.internal.aop.ClassBuilding$$Lambda/0x000002ad014dd730::accept (12 bytes)
Event: 11.792 Thread 0x000002ad5c9d1370 nmethod 5542 0x000002ad49542010 code [0x000002ad49542220, 0x000002ad49542830]
Event: 11.792 Thread 0x000002ad5c9d1370 5543       3       com.google.inject.internal.aop.ClassBuilding::lambda$buildFastClass$4 (13 bytes)
Event: 11.792 Thread 0x000002ad5c9d1370 nmethod 5543 0x000002ad49542a90 code [0x000002ad49542c80, 0x000002ad49543120]
Event: 11.793 Thread 0x000002ad5c9d1370 5544       3       com.google.inject.internal.aop.FastClass::generateMethodInvoker (121 bytes)
Event: 11.795 Thread 0x000002ad5c9d1370 nmethod 5544 0x000002ad49543310 code [0x000002ad49543580, 0x000002ad49543d18]

GC Heap History (20 events):
Event: 6.251 GC heap before
{Heap before GC invocations=9 (full 1):
 PSYoungGen      total 29184K, used 24576K [0x00000000d5580000, 0x00000000d7780000, 0x0000000100000000)
  eden space 24576K, 100% used [0x00000000d5580000,0x00000000d6d80000,0x00000000d6d80000)
  from space 4608K, 0% used [0x00000000d6e00000,0x00000000d6e00000,0x00000000d7280000)
  to   space 5120K, 0% used [0x00000000d7280000,0x00000000d7280000,0x00000000d7780000)
 ParOldGen       total 68608K, used 12764K [0x0000000080000000, 0x0000000084300000, 0x00000000d5580000)
  object space 68608K, 18% used [0x0000000080000000,0x0000000080c770a8,0x0000000084300000)
 Metaspace       used 23209K, committed 24000K, reserved 1114112K
  class space    used 2352K, committed 2688K, reserved 1048576K
}
Event: 6.253 GC heap after
{Heap after GC invocations=9 (full 1):
 PSYoungGen      total 25088K, used 754K [0x00000000d5580000, 0x00000000d7380000, 0x0000000100000000)
  eden space 24064K, 0% used [0x00000000d5580000,0x00000000d5580000,0x00000000d6d00000)
  from space 1024K, 73% used [0x00000000d7280000,0x00000000d733cb58,0x00000000d7380000)
  to   space 2560K, 0% used [0x00000000d6e80000,0x00000000d6e80000,0x00000000d7100000)
 ParOldGen       total 68608K, used 12772K [0x0000000080000000, 0x0000000084300000, 0x00000000d5580000)
  object space 68608K, 18% used [0x0000000080000000,0x0000000080c790a8,0x0000000084300000)
 Metaspace       used 23209K, committed 24000K, reserved 1114112K
  class space    used 2352K, committed 2688K, reserved 1048576K
}
Event: 6.522 GC heap before
{Heap before GC invocations=10 (full 1):
 PSYoungGen      total 25088K, used 24818K [0x00000000d5580000, 0x00000000d7380000, 0x0000000100000000)
  eden space 24064K, 100% used [0x00000000d5580000,0x00000000d6d00000,0x00000000d6d00000)
  from space 1024K, 73% used [0x00000000d7280000,0x00000000d733cb58,0x00000000d7380000)
  to   space 2560K, 0% used [0x00000000d6e80000,0x00000000d6e80000,0x00000000d7100000)
 ParOldGen       total 68608K, used 12772K [0x0000000080000000, 0x0000000084300000, 0x00000000d5580000)
  object space 68608K, 18% used [0x0000000080000000,0x0000000080c790a8,0x0000000084300000)
 Metaspace       used 26407K, committed 27200K, reserved 1114112K
  class space    used 2594K, committed 2944K, reserved 1048576K
}
Event: 6.525 GC heap after
{Heap after GC invocations=10 (full 1):
 PSYoungGen      total 26112K, used 2515K [0x00000000d5580000, 0x00000000d7300000, 0x0000000100000000)
  eden space 23552K, 0% used [0x00000000d5580000,0x00000000d5580000,0x00000000d6c80000)
  from space 2560K, 98% used [0x00000000d6e80000,0x00000000d70f4f98,0x00000000d7100000)
  to   space 2048K, 0% used [0x00000000d7100000,0x00000000d7100000,0x00000000d7300000)
 ParOldGen       total 68608K, used 12772K [0x0000000080000000, 0x0000000084300000, 0x00000000d5580000)
  object space 68608K, 18% used [0x0000000080000000,0x0000000080c790a8,0x0000000084300000)
 Metaspace       used 26407K, committed 27200K, reserved 1114112K
  class space    used 2594K, committed 2944K, reserved 1048576K
}
Event: 6.943 GC heap before
{Heap before GC invocations=11 (full 1):
 PSYoungGen      total 26112K, used 26053K [0x00000000d5580000, 0x00000000d7300000, 0x0000000100000000)
  eden space 23552K, 99% used [0x00000000d5580000,0x00000000d6c7c560,0x00000000d6c80000)
  from space 2560K, 98% used [0x00000000d6e80000,0x00000000d70f4f98,0x00000000d7100000)
  to   space 2048K, 0% used [0x00000000d7100000,0x00000000d7100000,0x00000000d7300000)
 ParOldGen       total 68608K, used 12772K [0x0000000080000000, 0x0000000084300000, 0x00000000d5580000)
  object space 68608K, 18% used [0x0000000080000000,0x0000000080c790a8,0x0000000084300000)
 Metaspace       used 28414K, committed 29312K, reserved 1114112K
  class space    used 2792K, committed 3200K, reserved 1048576K
}
Event: 6.948 GC heap after
{Heap after GC invocations=11 (full 1):
 PSYoungGen      total 25088K, used 2016K [0x00000000d5580000, 0x00000000d7400000, 0x0000000100000000)
  eden space 23040K, 0% used [0x00000000d5580000,0x00000000d5580000,0x00000000d6c00000)
  from space 2048K, 98% used [0x00000000d7100000,0x00000000d72f8210,0x00000000d7300000)
  to   space 4096K, 0% used [0x00000000d6c00000,0x00000000d6c00000,0x00000000d7000000)
 ParOldGen       total 68608K, used 14213K [0x0000000080000000, 0x0000000084300000, 0x00000000d5580000)
  object space 68608K, 20% used [0x0000000080000000,0x0000000080de1530,0x0000000084300000)
 Metaspace       used 28414K, committed 29312K, reserved 1114112K
  class space    used 2792K, committed 3200K, reserved 1048576K
}
Event: 7.686 GC heap before
{Heap before GC invocations=12 (full 1):
 PSYoungGen      total 25088K, used 25050K [0x00000000d5580000, 0x00000000d7400000, 0x0000000100000000)
  eden space 23040K, 99% used [0x00000000d5580000,0x00000000d6bfe6a8,0x00000000d6c00000)
  from space 2048K, 98% used [0x00000000d7100000,0x00000000d72f8210,0x00000000d7300000)
  to   space 4096K, 0% used [0x00000000d6c00000,0x00000000d6c00000,0x00000000d7000000)
 ParOldGen       total 68608K, used 14213K [0x0000000080000000, 0x0000000084300000, 0x00000000d5580000)
  object space 68608K, 20% used [0x0000000080000000,0x0000000080de1530,0x0000000084300000)
 Metaspace       used 31739K, committed 32768K, reserved 1114112K
  class space    used 3209K, committed 3648K, reserved 1048576K
}
Event: 7.690 GC heap after
{Heap after GC invocations=12 (full 1):
 PSYoungGen      total 24576K, used 1536K [0x00000000d5580000, 0x00000000d7180000, 0x0000000100000000)
  eden space 22528K, 0% used [0x00000000d5580000,0x00000000d5580000,0x00000000d6b80000)
  from space 2048K, 75% used [0x00000000d6c00000,0x00000000d6d800d0,0x00000000d6e00000)
  to   space 2560K, 0% used [0x00000000d6f00000,0x00000000d6f00000,0x00000000d7180000)
 ParOldGen       total 68608K, used 16096K [0x0000000080000000, 0x0000000084300000, 0x00000000d5580000)
  object space 68608K, 23% used [0x0000000080000000,0x0000000080fb82f8,0x0000000084300000)
 Metaspace       used 31739K, committed 32768K, reserved 1114112K
  class space    used 3209K, committed 3648K, reserved 1048576K
}
Event: 8.262 GC heap before
{Heap before GC invocations=13 (full 1):
 PSYoungGen      total 24576K, used 24064K [0x00000000d5580000, 0x00000000d7180000, 0x0000000100000000)
  eden space 22528K, 100% used [0x00000000d5580000,0x00000000d6b80000,0x00000000d6b80000)
  from space 2048K, 75% used [0x00000000d6c00000,0x00000000d6d800d0,0x00000000d6e00000)
  to   space 2560K, 0% used [0x00000000d6f00000,0x00000000d6f00000,0x00000000d7180000)
 ParOldGen       total 68608K, used 16096K [0x0000000080000000, 0x0000000084300000, 0x00000000d5580000)
  object space 68608K, 23% used [0x0000000080000000,0x0000000080fb82f8,0x0000000084300000)
 Metaspace       used 34569K, committed 35648K, reserved 1114112K
  class space    used 3584K, committed 4032K, reserved 1048576K
}
Event: 8.266 GC heap after
{Heap after GC invocations=13 (full 1):
 PSYoungGen      total 24064K, used 1787K [0x00000000d5580000, 0x00000000d7100000, 0x0000000100000000)
  eden space 22016K, 0% used [0x00000000d5580000,0x00000000d5580000,0x00000000d6b00000)
  from space 2048K, 87% used [0x00000000d6f00000,0x00000000d70bee28,0x00000000d7100000)
  to   space 2048K, 0% used [0x00000000d6d00000,0x00000000d6d00000,0x00000000d6f00000)
 ParOldGen       total 68608K, used 17399K [0x0000000080000000, 0x0000000084300000, 0x00000000d5580000)
  object space 68608K, 25% used [0x0000000080000000,0x00000000810fde38,0x0000000084300000)
 Metaspace       used 34569K, committed 35648K, reserved 1114112K
  class space    used 3584K, committed 4032K, reserved 1048576K
}
Event: 8.330 GC heap before
{Heap before GC invocations=14 (full 1):
 PSYoungGen      total 24064K, used 3456K [0x00000000d5580000, 0x00000000d7100000, 0x0000000100000000)
  eden space 22016K, 7% used [0x00000000d5580000,0x00000000d57212b8,0x00000000d6b00000)
  from space 2048K, 87% used [0x00000000d6f00000,0x00000000d70bee28,0x00000000d7100000)
  to   space 2048K, 0% used [0x00000000d6d00000,0x00000000d6d00000,0x00000000d6f00000)
 ParOldGen       total 68608K, used 17399K [0x0000000080000000, 0x0000000084300000, 0x00000000d5580000)
  object space 68608K, 25% used [0x0000000080000000,0x00000000810fde38,0x0000000084300000)
 Metaspace       used 34758K, committed 35840K, reserved 1114112K
  class space    used 3611K, committed 4096K, reserved 1048576K
}
Event: 8.335 GC heap after
{Heap after GC invocations=14 (full 1):
 PSYoungGen      total 22528K, used 272K [0x00000000d5580000, 0x00000000d6f80000, 0x0000000100000000)
  eden space 22016K, 0% used [0x00000000d5580000,0x00000000d5580000,0x00000000d6b00000)
  from space 512K, 53% used [0x00000000d6d00000,0x00000000d6d44010,0x00000000d6d80000)
  to   space 1024K, 0% used [0x00000000d6e80000,0x00000000d6e80000,0x00000000d6f80000)
 ParOldGen       total 68608K, used 19099K [0x0000000080000000, 0x0000000084300000, 0x00000000d5580000)
  object space 68608K, 27% used [0x0000000080000000,0x00000000812a6c60,0x0000000084300000)
 Metaspace       used 34758K, committed 35840K, reserved 1114112K
  class space    used 3611K, committed 4096K, reserved 1048576K
}
Event: 8.335 GC heap before
{Heap before GC invocations=15 (full 2):
 PSYoungGen      total 22528K, used 272K [0x00000000d5580000, 0x00000000d6f80000, 0x0000000100000000)
  eden space 22016K, 0% used [0x00000000d5580000,0x00000000d5580000,0x00000000d6b00000)
  from space 512K, 53% used [0x00000000d6d00000,0x00000000d6d44010,0x00000000d6d80000)
  to   space 1024K, 0% used [0x00000000d6e80000,0x00000000d6e80000,0x00000000d6f80000)
 ParOldGen       total 68608K, used 19099K [0x0000000080000000, 0x0000000084300000, 0x00000000d5580000)
  object space 68608K, 27% used [0x0000000080000000,0x00000000812a6c60,0x0000000084300000)
 Metaspace       used 34758K, committed 35840K, reserved 1114112K
  class space    used 3611K, committed 4096K, reserved 1048576K
}
Event: 8.452 GC heap after
{Heap after GC invocations=15 (full 2):
 PSYoungGen      total 22528K, used 0K [0x00000000d5580000, 0x00000000d6f80000, 0x0000000100000000)
  eden space 22016K, 0% used [0x00000000d5580000,0x00000000d5580000,0x00000000d6b00000)
  from space 512K, 0% used [0x00000000d6d00000,0x00000000d6d00000,0x00000000d6d80000)
  to   space 1024K, 0% used [0x00000000d6e80000,0x00000000d6e80000,0x00000000d6f80000)
 ParOldGen       total 68608K, used 18422K [0x0000000080000000, 0x0000000084300000, 0x00000000d5580000)
  object space 68608K, 26% used [0x0000000080000000,0x00000000811fd8a8,0x0000000084300000)
 Metaspace       used 34742K, committed 35840K, reserved 1114112K
  class space    used 3606K, committed 4096K, reserved 1048576K
}
Event: 9.470 GC heap before
{Heap before GC invocations=16 (full 2):
 PSYoungGen      total 22528K, used 22016K [0x00000000d5580000, 0x00000000d6f80000, 0x0000000100000000)
  eden space 22016K, 100% used [0x00000000d5580000,0x00000000d6b00000,0x00000000d6b00000)
  from space 512K, 0% used [0x00000000d6d00000,0x00000000d6d00000,0x00000000d6d80000)
  to   space 1024K, 0% used [0x00000000d6e80000,0x00000000d6e80000,0x00000000d6f80000)
 ParOldGen       total 68608K, used 18422K [0x0000000080000000, 0x0000000084300000, 0x00000000d5580000)
  object space 68608K, 26% used [0x0000000080000000,0x00000000811fd8a8,0x0000000084300000)
 Metaspace       used 36498K, committed 37568K, reserved 1114112K
  class space    used 3838K, committed 4288K, reserved 1048576K
}
Event: 9.475 GC heap after
{Heap after GC invocations=16 (full 2):
 PSYoungGen      total 23040K, used 992K [0x00000000d5580000, 0x00000000d6f80000, 0x0000000100000000)
  eden space 22016K, 0% used [0x00000000d5580000,0x00000000d5580000,0x00000000d6b00000)
  from space 1024K, 96% used [0x00000000d6e80000,0x00000000d6f78000,0x00000000d6f80000)
  to   space 1536K, 0% used [0x00000000d6c80000,0x00000000d6c80000,0x00000000d6e00000)
 ParOldGen       total 68608K, used 18430K [0x0000000080000000, 0x0000000084300000, 0x00000000d5580000)
  object space 68608K, 26% used [0x0000000080000000,0x00000000811ff8a8,0x0000000084300000)
 Metaspace       used 36498K, committed 37568K, reserved 1114112K
  class space    used 3838K, committed 4288K, reserved 1048576K
}
Event: 10.020 GC heap before
{Heap before GC invocations=17 (full 2):
 PSYoungGen      total 23040K, used 23008K [0x00000000d5580000, 0x00000000d6f80000, 0x0000000100000000)
  eden space 22016K, 100% used [0x00000000d5580000,0x00000000d6b00000,0x00000000d6b00000)
  from space 1024K, 96% used [0x00000000d6e80000,0x00000000d6f78000,0x00000000d6f80000)
  to   space 1536K, 0% used [0x00000000d6c80000,0x00000000d6c80000,0x00000000d6e00000)
 ParOldGen       total 68608K, used 18430K [0x0000000080000000, 0x0000000084300000, 0x00000000d5580000)
  object space 68608K, 26% used [0x0000000080000000,0x00000000811ff8a8,0x0000000084300000)
 Metaspace       used 38248K, committed 39296K, reserved 1114112K
  class space    used 4062K, committed 4544K, reserved 1048576K
}
Event: 10.023 GC heap after
{Heap after GC invocations=17 (full 2):
 PSYoungGen      total 23552K, used 960K [0x00000000d5580000, 0x00000000d6f00000, 0x0000000100000000)
  eden space 22016K, 0% used [0x00000000d5580000,0x00000000d5580000,0x00000000d6b00000)
  from space 1536K, 62% used [0x00000000d6c80000,0x00000000d6d70000,0x00000000d6e00000)
  to   space 1024K, 0% used [0x00000000d6e00000,0x00000000d6e00000,0x00000000d6f00000)
 ParOldGen       total 68608K, used 19174K [0x0000000080000000, 0x0000000084300000, 0x00000000d5580000)
  object space 68608K, 27% used [0x0000000080000000,0x00000000812b98b8,0x0000000084300000)
 Metaspace       used 38248K, committed 39296K, reserved 1114112K
  class space    used 4062K, committed 4544K, reserved 1048576K
}
Event: 11.173 GC heap before
{Heap before GC invocations=18 (full 2):
 PSYoungGen      total 23552K, used 22976K [0x00000000d5580000, 0x00000000d6f00000, 0x0000000100000000)
  eden space 22016K, 100% used [0x00000000d5580000,0x00000000d6b00000,0x00000000d6b00000)
  from space 1536K, 62% used [0x00000000d6c80000,0x00000000d6d70000,0x00000000d6e00000)
  to   space 1024K, 0% used [0x00000000d6e00000,0x00000000d6e00000,0x00000000d6f00000)
 ParOldGen       total 68608K, used 19174K [0x0000000080000000, 0x0000000084300000, 0x00000000d5580000)
  object space 68608K, 27% used [0x0000000080000000,0x00000000812b98b8,0x0000000084300000)
 Metaspace       used 40797K, committed 41856K, reserved 1114112K
  class space    used 4386K, committed 4864K, reserved 1048576K
}
Event: 11.176 GC heap after
{Heap after GC invocations=18 (full 2):
 PSYoungGen      total 23040K, used 1024K [0x00000000d5580000, 0x00000000d6f00000, 0x0000000100000000)
  eden space 22016K, 0% used [0x00000000d5580000,0x00000000d5580000,0x00000000d6b00000)
  from space 1024K, 100% used [0x00000000d6e00000,0x00000000d6f00000,0x00000000d6f00000)
  to   space 2048K, 0% used [0x00000000d6b00000,0x00000000d6b00000,0x00000000d6d00000)
 ParOldGen       total 68608K, used 19998K [0x0000000080000000, 0x0000000084300000, 0x00000000d5580000)
  object space 68608K, 29% used [0x0000000080000000,0x00000000813878b8,0x0000000084300000)
 Metaspace       used 40797K, committed 41856K, reserved 1114112K
  class space    used 4386K, committed 4864K, reserved 1048576K
}

Dll operation events (10 events):
Event: 0.021 Loaded shared library c:\Users\priya\.vscode\extensions\redhat.java-1.45.0-win32-x64\jre\21.0.8-win32-x86_64\bin\java.dll
Event: 0.147 Loaded shared library c:\Users\priya\.vscode\extensions\redhat.java-1.45.0-win32-x64\jre\21.0.8-win32-x86_64\bin\zip.dll
Event: 0.180 Loaded shared library C:\Users\priya\.vscode\extensions\redhat.java-1.45.0-win32-x64\jre\21.0.8-win32-x86_64\bin\instrument.dll
Event: 0.187 Loaded shared library C:\Users\priya\.vscode\extensions\redhat.java-1.45.0-win32-x64\jre\21.0.8-win32-x86_64\bin\net.dll
Event: 0.191 Loaded shared library C:\Users\priya\.vscode\extensions\redhat.java-1.45.0-win32-x64\jre\21.0.8-win32-x86_64\bin\nio.dll
Event: 0.197 Loaded shared library C:\Users\priya\.vscode\extensions\redhat.java-1.45.0-win32-x64\jre\21.0.8-win32-x86_64\bin\zip.dll
Event: 0.228 Loaded shared library C:\Users\priya\.vscode\extensions\redhat.java-1.45.0-win32-x64\jre\21.0.8-win32-x86_64\bin\jimage.dll
Event: 0.357 Loaded shared library c:\Users\priya\.vscode\extensions\redhat.java-1.45.0-win32-x64\jre\21.0.8-win32-x86_64\bin\verify.dll
Event: 2.560 Loaded shared library C:\Users\priya\AppData\Roaming\Code\User\globalStorage\redhat.java\1.45.0\config_win\org.eclipse.equinox.launcher\org.eclipse.equinox.launcher.win32.win32.x86_64_1.2.1400.v20250801-0854\eclipse_11916.dll
Event: 4.947 Loaded shared library C:\Users\priya\AppData\Local\Temp\jna-106935279\jna5182463797006827115.dll

Deoptimization events (20 events):
Event: 11.357 Thread 0x000002ad635d3e40 DEOPT PACKING pc=0x000002ad494b16bc sp=0x000000c198efc4f0
Event: 11.357 Thread 0x000002ad635d3e40 DEOPT UNPACKING pc=0x000002ad500d4242 sp=0x000000c198efba10 mode 0
Event: 11.527 Thread 0x000002ad635d3e40 Uncommon trap: trap_request=0xffffffd6 fr.pc=0x000002ad508722ec relative=0x00000000000000cc
Event: 11.527 Thread 0x000002ad635d3e40 Uncommon trap: reason=array_check action=maybe_recompile pc=0x000002ad508722ec method=java.util.stream.Nodes$FixedNodeBuilder.accept(Ljava/lang/Object;)V @ 28 c2
Event: 11.527 Thread 0x000002ad635d3e40 DEOPT PACKING pc=0x000002ad508722ec sp=0x000000c198efd430
Event: 11.527 Thread 0x000002ad635d3e40 DEOPT UNPACKING pc=0x000002ad500d3aa2 sp=0x000000c198efd3b0 mode 2
Event: 11.527 Thread 0x000002ad635d3e40 Uncommon trap: trap_request=0xffffffd6 fr.pc=0x000002ad508722ec relative=0x00000000000000cc
Event: 11.527 Thread 0x000002ad635d3e40 Uncommon trap: reason=array_check action=maybe_recompile pc=0x000002ad508722ec method=java.util.stream.Nodes$FixedNodeBuilder.accept(Ljava/lang/Object;)V @ 28 c2
Event: 11.527 Thread 0x000002ad635d3e40 DEOPT PACKING pc=0x000002ad508722ec sp=0x000000c198efd430
Event: 11.527 Thread 0x000002ad635d3e40 DEOPT UNPACKING pc=0x000002ad500d3aa2 sp=0x000000c198efd3b0 mode 2
Event: 11.527 Thread 0x000002ad635d3e40 Uncommon trap: trap_request=0xffffffd6 fr.pc=0x000002ad508722ec relative=0x00000000000000cc
Event: 11.527 Thread 0x000002ad635d3e40 Uncommon trap: reason=array_check action=maybe_recompile pc=0x000002ad508722ec method=java.util.stream.Nodes$FixedNodeBuilder.accept(Ljava/lang/Object;)V @ 28 c2
Event: 11.527 Thread 0x000002ad635d3e40 DEOPT PACKING pc=0x000002ad508722ec sp=0x000000c198efd430
Event: 11.527 Thread 0x000002ad635d3e40 DEOPT UNPACKING pc=0x000002ad500d3aa2 sp=0x000000c198efd3b0 mode 2
Event: 11.527 Thread 0x000002ad635d3e40 Uncommon trap: trap_request=0xffffffd6 fr.pc=0x000002ad508722ec relative=0x00000000000000cc
Event: 11.527 Thread 0x000002ad635d3e40 Uncommon trap: reason=array_check action=maybe_recompile pc=0x000002ad508722ec method=java.util.stream.Nodes$FixedNodeBuilder.accept(Ljava/lang/Object;)V @ 28 c2
Event: 11.527 Thread 0x000002ad635d3e40 DEOPT PACKING pc=0x000002ad508722ec sp=0x000000c198efd430
Event: 11.527 Thread 0x000002ad635d3e40 DEOPT UNPACKING pc=0x000002ad500d3aa2 sp=0x000000c198efd3b0 mode 2
Event: 11.528 Thread 0x000002ad635d3e40 DEOPT PACKING pc=0x000002ad494b16bc sp=0x000000c198efb150
Event: 11.528 Thread 0x000002ad635d3e40 DEOPT UNPACKING pc=0x000002ad500d4242 sp=0x000000c198efa670 mode 0

Classes loaded (20 events):
Event: 9.430 Loading class sun/reflect/generics/repository/FieldRepository
Event: 9.430 Loading class sun/reflect/generics/repository/FieldRepository done
Event: 9.894 Loading class sun/reflect/annotation/AnnotatedTypeFactory$AnnotatedParameterizedTypeImpl
Event: 9.895 Loading class java/lang/reflect/AnnotatedParameterizedType
Event: 9.895 Loading class java/lang/reflect/AnnotatedParameterizedType done
Event: 9.895 Loading class sun/reflect/annotation/AnnotatedTypeFactory$AnnotatedParameterizedTypeImpl done
Event: 10.082 Loading class sun/reflect/generics/scope/ConstructorScope
Event: 10.083 Loading class sun/reflect/generics/scope/ConstructorScope done
Event: 10.083 Loading class sun/reflect/generics/tree/VoidDescriptor
Event: 10.084 Loading class sun/reflect/generics/tree/VoidDescriptor done
Event: 10.121 Loading class java/util/concurrent/CompletionService
Event: 10.121 Loading class java/util/concurrent/CompletionService done
Event: 10.505 Loading class java/nio/channels/ServerSocketChannel
Event: 10.505 Loading class java/nio/channels/ServerSocketChannel done
Event: 11.234 Loading class java/lang/ExceptionInInitializerError
Event: 11.235 Loading class java/lang/ExceptionInInitializerError done
Event: 11.239 Loading class sun/misc/Unsafe
Event: 11.239 Loading class sun/misc/Unsafe done
Event: 11.301 Loading class jdk/internal/org/objectweb/asm/ClassReader
Event: 11.304 Loading class jdk/internal/org/objectweb/asm/ClassReader done

Classes unloaded (16 events):
Event: 5.888 Thread 0x000002ad443f0a30 Unloading class 0x000002ad011ac800 'java/lang/invoke/LambdaForm$MH+0x000002ad011ac800'
Event: 5.888 Thread 0x000002ad443f0a30 Unloading class 0x000002ad011ac400 'java/lang/invoke/LambdaForm$MH+0x000002ad011ac400'
Event: 5.888 Thread 0x000002ad443f0a30 Unloading class 0x000002ad011ac000 'java/lang/invoke/LambdaForm$MH+0x000002ad011ac000'
Event: 5.888 Thread 0x000002ad443f0a30 Unloading class 0x000002ad011abc00 'java/lang/invoke/LambdaForm$MH+0x000002ad011abc00'
Event: 5.888 Thread 0x000002ad443f0a30 Unloading class 0x000002ad011ab800 'java/lang/invoke/LambdaForm$BMH+0x000002ad011ab800'
Event: 5.888 Thread 0x000002ad443f0a30 Unloading class 0x000002ad011ab400 'java/lang/invoke/LambdaForm$DMH+0x000002ad011ab400'
Event: 5.888 Thread 0x000002ad443f0a30 Unloading class 0x000002ad011aa000 'java/lang/invoke/LambdaForm$DMH+0x000002ad011aa000'
Event: 8.355 Thread 0x000002ad443f0a30 Unloading class 0x000002ad0130f400 'java/lang/invoke/LambdaForm$MH+0x000002ad0130f400'
Event: 8.355 Thread 0x000002ad443f0a30 Unloading class 0x000002ad0130e800 'java/lang/invoke/LambdaForm$MH+0x000002ad0130e800'
Event: 8.355 Thread 0x000002ad443f0a30 Unloading class 0x000002ad0130e000 'java/lang/invoke/LambdaForm$MH+0x000002ad0130e000'
Event: 8.355 Thread 0x000002ad443f0a30 Unloading class 0x000002ad0130d000 'java/lang/invoke/LambdaForm$MH+0x000002ad0130d000'
Event: 8.355 Thread 0x000002ad443f0a30 Unloading class 0x000002ad0130cc00 'java/lang/invoke/LambdaForm$DMH+0x000002ad0130cc00'
Event: 8.355 Thread 0x000002ad443f0a30 Unloading class 0x000002ad0130c000 'java/lang/invoke/LambdaForm$MH+0x000002ad0130c000'
Event: 8.355 Thread 0x000002ad443f0a30 Unloading class 0x000002ad01308800 'java/lang/invoke/LambdaForm$MH+0x000002ad01308800'
Event: 8.355 Thread 0x000002ad443f0a30 Unloading class 0x000002ad01308400 'java/lang/invoke/LambdaForm$MH+0x000002ad01308400'
Event: 8.355 Thread 0x000002ad443f0a30 Unloading class 0x000002ad01305800 'java/lang/invoke/LambdaForm$MH+0x000002ad01305800'

Classes redefined (0 events):
No events

Internal exceptions (20 events):
Event: 7.178 Thread 0x000002ad631734c0 Exception <a 'java/lang/ClassNotFoundException'{0x00000000d5e017d8}: com/sun/org/apache/xml/internal/serializer/spi/XMLEntitiesProvider> (0x00000000d5e017d8) 
thrown [s\src\hotspot\share\classfile\systemDictionary.cpp, line 312]
Event: 7.372 Thread 0x000002ad631734c0 Exception <a 'java/io/FileNotFoundException'{0x00000000d635e278}> (0x00000000d635e278) 
thrown [s\src\hotspot\share\prims\jni.cpp, line 520]
Event: 7.446 Thread 0x000002ad631734c0 Exception <a 'java/lang/UnsatisfiedLinkError'{0x00000000d654b4a8}: The specified procedure could not be found.
> (0x00000000d654b4a8) 
thrown [s\src\hotspot\share\prims\jni.cpp, line 539]
Event: 7.475 Thread 0x000002ad631734c0 Exception <a 'java/io/FileNotFoundException'{0x00000000d6563070}> (0x00000000d6563070) 
thrown [s\src\hotspot\share\prims\jni.cpp, line 520]
Event: 7.516 Thread 0x000002ad631734c0 Exception <a 'java/io/FileNotFoundException'{0x00000000d6683308}> (0x00000000d6683308) 
thrown [s\src\hotspot\share\prims\jni.cpp, line 520]
Event: 7.536 Thread 0x000002ad631734c0 Exception <a 'java/lang/UnsatisfiedLinkError'{0x00000000d67c5420}: The specified procedure could not be found.
> (0x00000000d67c5420) 
thrown [s\src\hotspot\share\prims\jni.cpp, line 539]
Event: 7.719 Thread 0x000002ad635d4b60 Exception <a 'java/lang/NoSuchMethodError'{0x00000000d577c450}: 'void java.lang.invoke.DirectMethodHandle$Holder.invokeStaticInit(java.lang.Object, java.lang.Object, java.lang.Object, java.lang.Object)'> (0x00000000d577c450) 
thrown [s\src\hotspot\share\interpreter\linkResolver.cpp, line 773]
Event: 7.820 Thread 0x000002ad44354ea0 Exception <a 'java/lang/NoSuchMethodError'{0x00000000d606b198}: 'java.lang.Object java.lang.invoke.DirectMethodHandle$Holder.invokeStatic(java.lang.Object, long, java.lang.Object)'> (0x00000000d606b198) 
thrown [s\src\hotspot\share\interpreter\linkResolver.cpp, line 773]
Event: 7.823 Thread 0x000002ad44354ea0 Exception <a 'java/lang/NoSuchMethodError'{0x00000000d607e2b8}: 'java.lang.Object java.lang.invoke.DirectMethodHandle$Holder.invokeStaticInit(java.lang.Object, long, java.lang.Object)'> (0x00000000d607e2b8) 
thrown [s\src\hotspot\share\interpreter\linkResolver.cpp, line 773]
Event: 7.827 Thread 0x000002ad44354ea0 Exception <a 'java/lang/NoSuchMethodError'{0x00000000d60b15d8}: 'java.lang.Object java.lang.invoke.DirectMethodHandle$Holder.newInvokeSpecial(java.lang.Object, long)'> (0x00000000d60b15d8) 
thrown [s\src\hotspot\share\interpreter\linkResolver.cpp, line 773]
Event: 8.314 Thread 0x000002ad635d3e40 Exception <a 'java/lang/NoClassDefFoundError'{0x00000000d5690488}: javax/enterprise/inject/Typed> (0x00000000d5690488) 
thrown [s\src\hotspot\share\classfile\systemDictionary.cpp, line 301]
Event: 9.148 Thread 0x000002ad44354ea0 Exception <a 'java/lang/NoSuchMethodError'{0x00000000d64399b8}: 'void java.lang.invoke.DirectMethodHandle$Holder.invokeSpecial(java.lang.Object, java.lang.Object, java.lang.Object, java.lang.Object, java.lang.Object, java.lang.Object)'> (0x00000000d64399b8) 
thrown [s\src\hotspot\share\interpreter\linkResolver.cpp, line 773]
Event: 9.152 Thread 0x000002ad44354ea0 Exception <a 'java/lang/IncompatibleClassChangeError'{0x00000000d6441d98}: Found class java.lang.Object, but interface was expected> (0x00000000d6441d98) 
thrown [s\src\hotspot\share\interpreter\linkResolver.cpp, line 840]
Event: 9.153 Thread 0x000002ad44354ea0 Exception <a 'java/lang/IncompatibleClassChangeError'{0x00000000d6443b20}: Found class java.lang.Object, but interface was expected> (0x00000000d6443b20) 
thrown [s\src\hotspot\share\interpreter\linkResolver.cpp, line 840]
Event: 11.224 Thread 0x000002ad635d3e40 Exception <a 'java/lang/NoSuchMethodError'{0x00000000d568de78}: 'void java.lang.invoke.DirectMethodHandle$Holder.invokeStaticInit(java.lang.Object, java.lang.Object, java.lang.Object)'> (0x00000000d568de78) 
thrown [s\src\hotspot\share\interpreter\linkResolver.cpp, line 773]
Event: 11.242 Thread 0x000002ad635d3e40 Exception <a 'java/lang/ExceptionInInitializerError'{0x00000000d56cf9d8}> (0x00000000d56cf9d8) 
thrown [s\src\hotspot\share\oops\instanceKlass.cpp, line 1220]
Event: 11.296 Thread 0x000002ad635d3e40 Exception <a 'java/lang/NoSuchMethodError'{0x00000000d5851918}: 'long java.lang.invoke.DirectMethodHandle$Holder.invokeStatic(java.lang.Object, java.lang.Object, int)'> (0x00000000d5851918) 
thrown [s\src\hotspot\share\interpreter\linkResolver.cpp, line 773]
Event: 11.306 Thread 0x000002ad635d3e40 Implicit null exception at 0x000002ad5076d880 to 0x000002ad5076db04
Event: 11.306 Thread 0x000002ad635d3e40 Implicit null exception at 0x000002ad506d3f20 to 0x000002ad506d4ea4
Event: 11.309 Thread 0x000002ad635d3e40 Exception <a 'java/lang/NoSuchMethodError'{0x00000000d58916b8}: 'java.lang.Object java.lang.invoke.Invokers$Holder.invokeExact_MT(java.lang.Object, int, java.lang.Object)'> (0x00000000d58916b8) 
thrown [s\src\hotspot\share\interpreter\linkResolver.cpp, line 773]

ZGC Phase Switch (0 events):
No events

VM Operations (20 events):
Event: 8.262 Executing VM operation: ParallelGCFailedAllocation (Allocation Failure)
Event: 8.266 Executing VM operation: ParallelGCFailedAllocation (Allocation Failure) done
Event: 8.271 Executing VM operation: HandshakeAllThreads (Deoptimize)
Event: 8.272 Executing VM operation: HandshakeAllThreads (Deoptimize) done
Event: 8.330 Executing VM operation: CollectForMetadataAllocation (Metadata GC Threshold)
Event: 8.452 Executing VM operation: CollectForMetadataAllocation (Metadata GC Threshold) done
Event: 9.453 Executing VM operation: Cleanup
Event: 9.453 Executing VM operation: Cleanup done
Event: 9.458 Executing VM operation: ParallelGCFailedAllocation (Allocation Failure)
Event: 9.475 Executing VM operation: ParallelGCFailedAllocation (Allocation Failure) done
Event: 10.019 Executing VM operation: ParallelGCFailedAllocation (Allocation Failure)
Event: 10.023 Executing VM operation: ParallelGCFailedAllocation (Allocation Failure) done
Event: 10.039 Executing VM operation: HandshakeAllThreads (Deoptimize)
Event: 10.039 Executing VM operation: HandshakeAllThreads (Deoptimize) done
Event: 10.299 Executing VM operation: HandshakeAllThreads (Deoptimize)
Event: 10.299 Executing VM operation: HandshakeAllThreads (Deoptimize) done
Event: 11.173 Executing VM operation: ParallelGCFailedAllocation (Allocation Failure)
Event: 11.176 Executing VM operation: ParallelGCFailedAllocation (Allocation Failure) done
Event: 11.380 Executing VM operation: HandshakeAllThreads (Deoptimize)
Event: 11.380 Executing VM operation: HandshakeAllThreads (Deoptimize) done

Memory protections (0 events):
No events

Nmethod flushes (20 events):
Event: 8.386 Thread 0x000002ad443f0a30 flushing  nmethod 0x000002ad4918cd90
Event: 8.386 Thread 0x000002ad443f0a30 flushing  nmethod 0x000002ad491bd190
Event: 8.386 Thread 0x000002ad443f0a30 flushing  nmethod 0x000002ad491bd590
Event: 8.386 Thread 0x000002ad443f0a30 flushing  nmethod 0x000002ad491bde90
Event: 8.386 Thread 0x000002ad443f0a30 flushing  nmethod 0x000002ad491bf090
Event: 8.386 Thread 0x000002ad443f0a30 flushing  nmethod 0x000002ad491bfc90
Event: 8.386 Thread 0x000002ad443f0a30 flushing  nmethod 0x000002ad491c0410
Event: 8.386 Thread 0x000002ad443f0a30 flushing  nmethod 0x000002ad491c1990
Event: 8.386 Thread 0x000002ad443f0a30 flushing  nmethod 0x000002ad491c2b90
Event: 8.386 Thread 0x000002ad443f0a30 flushing  nmethod 0x000002ad491c2f90
Event: 8.386 Thread 0x000002ad443f0a30 flushing  nmethod 0x000002ad491c3410
Event: 8.386 Thread 0x000002ad443f0a30 flushing  nmethod 0x000002ad491c4110
Event: 8.386 Thread 0x000002ad443f0a30 flushing  nmethod 0x000002ad491cee10
Event: 8.386 Thread 0x000002ad443f0a30 flushing  nmethod 0x000002ad491e1a10
Event: 8.386 Thread 0x000002ad443f0a30 flushing  nmethod 0x000002ad491f6790
Event: 8.386 Thread 0x000002ad443f0a30 flushing  nmethod 0x000002ad491f8e10
Event: 8.386 Thread 0x000002ad443f0a30 flushing  nmethod 0x000002ad49213590
Event: 8.386 Thread 0x000002ad443f0a30 flushing  nmethod 0x000002ad4923ee90
Event: 8.386 Thread 0x000002ad443f0a30 flushing  nmethod 0x000002ad49241490
Event: 8.386 Thread 0x000002ad443f0a30 flushing  nmethod 0x000002ad49275c10

Events (20 events):
Event: 6.803 Thread 0x000002ad631734c0 Thread added: 0x000002ad635d44d0
Event: 7.077 Thread 0x000002ad635d2a90 Thread added: 0x000002ad635d4b60
Event: 7.575 Thread 0x000002ad5c9cf1c0 Thread added: 0x000002ad64a32500
Event: 7.667 Thread 0x000002ad635d4b60 Thread added: 0x000002ad635d51f0
Event: 7.780 Thread 0x000002ad635d51f0 Thread added: 0x000002ad635d1d70
Event: 7.850 Thread 0x000002ad44354ea0 Thread added: 0x000002ad635d5880
Event: 7.851 Thread 0x000002ad44354ea0 Thread added: 0x000002ad635d2400
Event: 7.851 Thread 0x000002ad44354ea0 Thread added: 0x000002ad635d65a0
Event: 7.852 Thread 0x000002ad44354ea0 Thread added: 0x000002ad635d9390
Event: 7.852 Thread 0x000002ad44354ea0 Thread added: 0x000002ad635d7fe0
Event: 7.852 Thread 0x000002ad44354ea0 Thread added: 0x000002ad635d6c30
Event: 7.853 Thread 0x000002ad44354ea0 Thread added: 0x000002ad635d72c0
Event: 7.853 Thread 0x000002ad44354ea0 Thread added: 0x000002ad635d7950
Event: 7.854 Thread 0x000002ad44354ea0 Thread added: 0x000002ad635d8670
Event: 7.967 Thread 0x000002ad44354ea0 Thread added: 0x000002ad635d5f10
Event: 9.317 Thread 0x000002ad44354ea0 Thread added: 0x000002ad63172e30
Event: 9.318 Thread 0x000002ad44354ea0 Thread added: 0x000002ad64c8de60
Event: 9.808 Thread 0x000002ad64a32500 Thread exited: 0x000002ad64a32500
Event: 10.861 Thread 0x000002ad63171a80 Thread exited: 0x000002ad63171a80
Event: 11.477 Thread 0x000002ad5c9d1370 Thread added: 0x000002ad64a34040


Dynamic libraries:
0x00007ff67ddc0000 - 0x00007ff67ddce000 	c:\Users\priya\.vscode\extensions\redhat.java-1.45.0-win32-x64\jre\21.0.8-win32-x86_64\bin\java.exe
0x00007ffaf43c0000 - 0x00007ffaf4629000 	C:\WINDOWS\SYSTEM32\ntdll.dll
0x00007ffaf33f0000 - 0x00007ffaf34b9000 	C:\WINDOWS\System32\KERNEL32.DLL
0x00007ffaf18c0000 - 0x00007ffaf1cb3000 	C:\WINDOWS\System32\KERNELBASE.dll
0x00007ffaf1550000 - 0x00007ffaf169b000 	C:\WINDOWS\System32\ucrtbase.dll
0x00007ffac0f90000 - 0x00007ffac0fae000 	c:\Users\priya\.vscode\extensions\redhat.java-1.45.0-win32-x64\jre\21.0.8-win32-x86_64\bin\VCRUNTIME140.dll
0x00007ffae7fd0000 - 0x00007ffae7fe8000 	c:\Users\priya\.vscode\extensions\redhat.java-1.45.0-win32-x64\jre\21.0.8-win32-x86_64\bin\jli.dll
0x00007ffaf3720000 - 0x00007ffaf38e4000 	C:\WINDOWS\System32\USER32.dll
0x00007ffad3d20000 - 0x00007ffad3fb3000 	C:\WINDOWS\WinSxS\amd64_microsoft.windows.common-controls_6595b64144ccf1df_6.0.26100.5074_none_3e0d6f78e32fd63f\COMCTL32.dll
0x00007ffaf17f0000 - 0x00007ffaf1817000 	C:\WINDOWS\System32\win32u.dll
0x00007ffaf4110000 - 0x00007ffaf41b9000 	C:\WINDOWS\System32\msvcrt.dll
0x00007ffaf2670000 - 0x00007ffaf269b000 	C:\WINDOWS\System32\GDI32.dll
0x00007ffaf2060000 - 0x00007ffaf218d000 	C:\WINDOWS\System32\gdi32full.dll
0x00007ffaf1e30000 - 0x00007ffaf1ed3000 	C:\WINDOWS\System32\msvcp_win.dll
0x00007ffaf2e90000 - 0x00007ffaf2ebf000 	C:\WINDOWS\System32\IMM32.DLL
0x00007ffae8c10000 - 0x00007ffae8c1c000 	c:\Users\priya\.vscode\extensions\redhat.java-1.45.0-win32-x64\jre\21.0.8-win32-x86_64\bin\vcruntime140_1.dll
0x00007ffab8050000 - 0x00007ffab80dd000 	c:\Users\priya\.vscode\extensions\redhat.java-1.45.0-win32-x64\jre\21.0.8-win32-x86_64\bin\msvcp140.dll
0x00007ffa36620000 - 0x00007ffa373b7000 	c:\Users\priya\.vscode\extensions\redhat.java-1.45.0-win32-x64\jre\21.0.8-win32-x86_64\bin\server\jvm.dll
0x00007ffaf3600000 - 0x00007ffaf36b4000 	C:\WINDOWS\System32\ADVAPI32.dll
0x00007ffaf42c0000 - 0x00007ffaf4366000 	C:\WINDOWS\System32\sechost.dll
0x00007ffaf2230000 - 0x00007ffaf2348000 	C:\WINDOWS\System32\RPCRT4.dll
0x00007ffaf26c0000 - 0x00007ffaf2734000 	C:\WINDOWS\System32\WS2_32.dll
0x00007ffad5c60000 - 0x00007ffad5c95000 	C:\WINDOWS\SYSTEM32\WINMM.dll
0x00007ffaf13b0000 - 0x00007ffaf140e000 	C:\WINDOWS\SYSTEM32\POWRPROF.dll
0x00007ffae7a70000 - 0x00007ffae7a7b000 	C:\WINDOWS\SYSTEM32\VERSION.dll
0x00007ffaf1390000 - 0x00007ffaf13a4000 	C:\WINDOWS\SYSTEM32\UMPDC.dll
0x00007ffaf02f0000 - 0x00007ffaf030b000 	C:\WINDOWS\SYSTEM32\kernel.appcore.dll
0x00007ffae8890000 - 0x00007ffae889a000 	c:\Users\priya\.vscode\extensions\redhat.java-1.45.0-win32-x64\jre\21.0.8-win32-x86_64\bin\jimage.dll
0x00007ffaeedb0000 - 0x00007ffaeeff2000 	C:\WINDOWS\SYSTEM32\DBGHELP.DLL
0x00007ffaf2ed0000 - 0x00007ffaf324b000 	C:\WINDOWS\System32\combase.dll
0x00007ffaf23b0000 - 0x00007ffaf2487000 	C:\WINDOWS\System32\OLEAUT32.dll
0x00007ffaccb80000 - 0x00007ffaccbbd000 	C:\WINDOWS\SYSTEM32\dbgcore.DLL
0x00007ffaf1820000 - 0x00007ffaf18b9000 	C:\WINDOWS\System32\bcryptPrimitives.dll
0x00007ffae7e90000 - 0x00007ffae7e9f000 	c:\Users\priya\.vscode\extensions\redhat.java-1.45.0-win32-x64\jre\21.0.8-win32-x86_64\bin\instrument.dll
0x00007ffab9bf0000 - 0x00007ffab9c0f000 	c:\Users\priya\.vscode\extensions\redhat.java-1.45.0-win32-x64\jre\21.0.8-win32-x86_64\bin\java.dll
0x00007ffaf2740000 - 0x00007ffaf2e8d000 	C:\WINDOWS\System32\SHELL32.dll
0x00007ffaf1cc0000 - 0x00007ffaf1e2c000 	C:\WINDOWS\System32\wintypes.dll
0x00007ffaef190000 - 0x00007ffaef9e9000 	C:\WINDOWS\SYSTEM32\windows.storage.dll
0x00007ffaf38f0000 - 0x00007ffaf39e0000 	C:\WINDOWS\System32\SHCORE.dll
0x00007ffaf2190000 - 0x00007ffaf21f2000 	C:\WINDOWS\System32\shlwapi.dll
0x00007ffaf1470000 - 0x00007ffaf1499000 	C:\WINDOWS\SYSTEM32\profapi.dll
0x00007ffab8030000 - 0x00007ffab8048000 	c:\Users\priya\.vscode\extensions\redhat.java-1.45.0-win32-x64\jre\21.0.8-win32-x86_64\bin\zip.dll
0x00007ffad32a0000 - 0x00007ffad32b0000 	C:\Users\priya\.vscode\extensions\redhat.java-1.45.0-win32-x64\jre\21.0.8-win32-x86_64\bin\net.dll
0x00007ffae7610000 - 0x00007ffae772f000 	C:\WINDOWS\SYSTEM32\WINHTTP.dll
0x00007ffaf0850000 - 0x00007ffaf08bb000 	C:\WINDOWS\system32\mswsock.dll
0x00007ffab8010000 - 0x00007ffab8026000 	C:\Users\priya\.vscode\extensions\redhat.java-1.45.0-win32-x64\jre\21.0.8-win32-x86_64\bin\nio.dll
0x00007ffad30d0000 - 0x00007ffad30e0000 	c:\Users\priya\.vscode\extensions\redhat.java-1.45.0-win32-x64\jre\21.0.8-win32-x86_64\bin\verify.dll
0x00007ffab7c70000 - 0x00007ffab7cb4000 	C:\Users\priya\AppData\Roaming\Code\User\globalStorage\redhat.java\1.45.0\config_win\org.eclipse.equinox.launcher\org.eclipse.equinox.launcher.win32.win32.x86_64_1.2.1400.v20250801-0854\eclipse_11916.dll
0x00007ffaf3250000 - 0x00007ffaf33e8000 	C:\WINDOWS\System32\ole32.dll
0x00007ffaf0c20000 - 0x00007ffaf0c3b000 	C:\WINDOWS\SYSTEM32\CRYPTSP.dll
0x00007ffaf0250000 - 0x00007ffaf028b000 	C:\WINDOWS\system32\rsaenh.dll
0x00007ffaf08f0000 - 0x00007ffaf091b000 	C:\WINDOWS\SYSTEM32\USERENV.dll
0x00007ffaf1440000 - 0x00007ffaf1466000 	C:\WINDOWS\SYSTEM32\bcrypt.dll
0x00007ffaf0a80000 - 0x00007ffaf0a8c000 	C:\WINDOWS\SYSTEM32\CRYPTBASE.dll
0x00007ffaefcf0000 - 0x00007ffaefd24000 	C:\WINDOWS\SYSTEM32\IPHLPAPI.DLL
0x00007ffaf3710000 - 0x00007ffaf371a000 	C:\WINDOWS\System32\NSI.dll
0x00007ffab7c20000 - 0x00007ffab7c69000 	C:\Users\priya\AppData\Local\Temp\jna-106935279\jna5182463797006827115.dll
0x00007ffaf4370000 - 0x00007ffaf4378000 	C:\WINDOWS\System32\PSAPI.DLL
0x00007ffae78b0000 - 0x00007ffae78ce000 	C:\WINDOWS\SYSTEM32\dhcpcsvc6.DLL
0x00007ffae7880000 - 0x00007ffae78a3000 	C:\WINDOWS\SYSTEM32\dhcpcsvc.DLL

JVMTI agents:
c:\Users\priya\.vscode\extensions\redhat.java-1.45.0-win32-x64\lombok\lombok-1.18.39-4050.jar path:c:\Users\priya\.vscode\extensions\redhat.java-1.45.0-win32-x64\jre\21.0.8-win32-x86_64\bin\instrument.dll, loaded, initialized, instrumentlib options:none

dbghelp: loaded successfully - version: 4.0.5 - missing functions: none
symbol engine: initialized successfully - sym options: 0x614 - pdb path: .;c:\Users\priya\.vscode\extensions\redhat.java-1.45.0-win32-x64\jre\21.0.8-win32-x86_64\bin;C:\WINDOWS\SYSTEM32;C:\WINDOWS\WinSxS\amd64_microsoft.windows.common-controls_6595b64144ccf1df_6.0.26100.5074_none_3e0d6f78e32fd63f;c:\Users\priya\.vscode\extensions\redhat.java-1.45.0-win32-x64\jre\21.0.8-win32-x86_64\bin\server;C:\Users\priya\AppData\Roaming\Code\User\globalStorage\redhat.java\1.45.0\config_win\org.eclipse.equinox.launcher\org.eclipse.equinox.launcher.win32.win32.x86_64_1.2.1400.v20250801-0854;C:\Users\priya\AppData\Local\Temp\jna-106935279

VM Arguments:
jvm_args: --add-modules=ALL-SYSTEM --add-opens=java.base/java.util=ALL-UNNAMED --add-opens=java.base/java.lang=ALL-UNNAMED --add-opens=java.base/sun.nio.fs=ALL-UNNAMED -Declipse.application=org.eclipse.jdt.ls.core.id1 -Dosgi.bundles.defaultStartLevel=4 -Declipse.product=org.eclipse.jdt.ls.core.product -Djava.import.generatesMetadataFilesAtProjectRoot=false -DDetectVMInstallationsJob.disabled=true -Dfile.encoding=utf8 -XX:+UseParallelGC -XX:GCTimeRatio=4 -XX:AdaptiveSizePolicyWeight=90 -Dsun.zip.disableMemoryMapping=true -Xmx2G -Xms100m -Xlog:disable -javaagent:c:\Users\priya\.vscode\extensions\redhat.java-1.45.0-win32-x64\lombok\lombok-1.18.39-4050.jar -XX:+HeapDumpOnOutOfMemoryError -XX:HeapDumpPath=c:\Users\priya\AppData\Roaming\Code\User\workspaceStorage\9a112c488d86bb125002ba79e044f347\redhat.java -Daether.dependencyCollector.impl=bf 
java_command: c:\Users\priya\.vscode\extensions\redhat.java-1.45.0-win32-x64\server\plugins\org.eclipse.equinox.launcher_1.7.0.v20250519-0528.jar -configuration c:\Users\priya\AppData\Roaming\Code\User\globalStorage\redhat.java\1.45.0\config_win -data c:\Users\priya\AppData\Roaming\Code\User\workspaceStorage\9a112c488d86bb125002ba79e044f347\redhat.java\jdt_ws --pipe=\\.\pipe\lsp-272e600ec7799313a3d567d792163950-sock
java_class_path (initial): c:\Users\priya\.vscode\extensions\redhat.java-1.45.0-win32-x64\server\plugins\org.eclipse.equinox.launcher_1.7.0.v20250519-0528.jar
Launcher Type: SUN_STANDARD

[Global flags]
    uintx AdaptiveSizePolicyWeight                 = 90                                        {product} {command line}
     intx CICompilerCount                          = 4                                         {product} {ergonomic}
    uintx GCTimeRatio                              = 4                                         {product} {command line}
     bool HeapDumpOnOutOfMemoryError               = true                                   {manageable} {command line}
    ccstr HeapDumpPath                             = c:\Users\priya\AppData\Roaming\Code\User\workspaceStorage\9a112c488d86bb125002ba79e044f347\redhat.java         {manageable} {command line}
   size_t InitialHeapSize                          = 104857600                                 {product} {command line}
   size_t MaxHeapSize                              = 2147483648                                {product} {command line}
   size_t MaxNewSize                               = 715653120                                 {product} {ergonomic}
   size_t MinHeapDeltaBytes                        = 524288                                    {product} {ergonomic}
   size_t MinHeapSize                              = 104857600                                 {product} {command line}
   size_t NewSize                                  = 34603008                                  {product} {ergonomic}
    uintx NonNMethodCodeHeapSize                   = 5839372                                {pd product} {ergonomic}
    uintx NonProfiledCodeHeapSize                  = 122909434                              {pd product} {ergonomic}
   size_t OldSize                                  = 70254592                                  {product} {ergonomic}
    uintx ProfiledCodeHeapSize                     = 122909434                              {pd product} {ergonomic}
    uintx ReservedCodeCacheSize                    = 251658240                              {pd product} {ergonomic}
     bool SegmentedCodeCache                       = true                                      {product} {ergonomic}
   size_t SoftMaxHeapSize                          = 2147483648                             {manageable} {ergonomic}
     bool UseCompressedOops                        = true                           {product lp64_product} {ergonomic}
     bool UseLargePagesIndividualAllocation        = false                                  {pd product} {ergonomic}
     bool UseParallelGC                            = true                                      {product} {command line}

Logging:
Log output configuration:
 #0: stdout all=off uptime,level,tags foldmultilines=false
 #1: stderr all=off uptime,level,tags foldmultilines=false

Environment Variables:
JAVA_HOME=C:\Program Files\Java\jdk-22
PATH=C:\Python313\Scripts\;C:\Python313\;C:\Program Files\Common Files\Oracle\Java\javapath;C:\Program Files (x86)\Common Files\Intel\Shared Libraries\redist\intel64\compiler;C:\WINDOWS\system32;C:\WINDOWS;C:\WINDOWS\System32\Wbem;C:\WINDOWS\System32\WindowsPowerShell\v1.0\;C:\WINDOWS\System32\OpenSSH\;C:\Program Files\dotnet\;C:\Program Files\Git\cmd;C:\Program Files\Git\mingw64\bin;C:\Program Files\Git\usr\bin;C:\Program Files\Java\jdk-22\bin;C:\Program Files\Tesseract-OCR;c:\users\priya\appdata\local\packages\pythonsoftwarefoundation.python.3.12_qbz5n2kfra8p0\localcache\local-packages\python312\site-packages;C:\Users\priya\AppData\Local\Packages\PythonSoftwareFoundation.Python.3.12_qbz5n2kfra8p0\LocalCache\local-packages\Python312\Scripts;C:\Program Files (x86)\Windows Kits\10\Windows Performance Toolkit\;C:\ProgramData\Microsoft\Windows\Start Menu\Programs\MySQL;C:\Program Files\MySQL\MySQL Server 8.0\bin;C:\Program Files\nodejs\;C:\ProgramData\chocolatey\bin;C:\Program Files\MySQL\MySQL Shell 8.0\bin\;C:\Users\priya\AppData\Local\Microsoft\WindowsApps;C:\Users\priya\AppData\Local\Programs\Microsoft VS Code\bin;C:\Program Files\JetBrains\PyCharm 2023.3.5\bin;;C:\Program Files\Git\cmd;C:\Program Files\JetBrains\IntelliJ IDEA Community Edition 2024.1.4\bin;;C:\Users\priya\AppData\Local\Packages\PythonSoftwareFoundation.Python.3.12_qbz5n2kfra8p0\LocalCache\local-packages\Python312\Scripts;C:\Users\priya\Downloads\flutter_windows_3.27.2-stable\flutter\bin;C:\Users\priya\AppData\Roaming\npm
USERNAME=priya
OS=Windows_NT
PROCESSOR_IDENTIFIER=Intel64 Family 6 Model 142 Stepping 10, GenuineIntel
TMP=C:\Users\priya\AppData\Local\Temp
TEMP=C:\Users\priya\AppData\Local\Temp




Periodic native trim disabled

---------------  S Y S T E M  ---------------

OS:
 Windows 11 , 64 bit Build 26100 (10.0.26100.5074)
OS uptime: 9 days 14:21 hours
Hyper-V role detected

CPU: total 8 (initial active 8) (4 cores per cpu, 2 threads per core) family 6 model 142 stepping 10 microcode 0xf6, cx8, cmov, fxsr, ht, mmx, 3dnowpref, sse, sse2, sse3, ssse3, sse4.1, sse4.2, popcnt, lzcnt, tsc, tscinvbit, avx, avx2, aes, erms, clmul, bmi1, bmi2, rtm, adx, fma, vzeroupper, clflush, clflushopt, hv, rdtscp, f16c
Processor Information for processor 0
  Max Mhz: 2112, Current Mhz: 1508, Mhz Limit: 1900
Processor Information for processor 1
  Max Mhz: 2112, Current Mhz: 1508, Mhz Limit: 1900
Processor Information for processor 2
  Max Mhz: 2112, Current Mhz: 1508, Mhz Limit: 1900
Processor Information for processor 3
  Max Mhz: 2112, Current Mhz: 1508, Mhz Limit: 1900
Processor Information for processor 4
  Max Mhz: 2112, Current Mhz: 1910, Mhz Limit: 1900
Processor Information for processor 5
  Max Mhz: 2112, Current Mhz: 1910, Mhz Limit: 1900
Processor Information for processor 6
  Max Mhz: 2112, Current Mhz: 1910, Mhz Limit: 1900
Processor Information for processor 7
  Max Mhz: 2112, Current Mhz: 1508, Mhz Limit: 1900

Memory: 4k page, system-wide physical 16019M (653M free)
TotalPageFile size 31264M (AvailPageFile size 10M)
current process WorkingSet (physical memory assigned to process): 217M, peak: 226M
current process commit charge ("private bytes"): 341M, peak: 352M

vm_info: OpenJDK 64-Bit Server VM (21.0.8+9-LTS) for windows-amd64 JRE (21.0.8+9-LTS), built on 2025-07-15T00:00:00Z by "admin" with MS VC++ 17.7 (VS2022)

END.
